{"obj": {"type": "AssignString", "path": ["sys", "name"], "value": "Fine-tuning Nusantara Chat Model"}, "version": 1, "at": 1723667579.5890613}
{"obj": {"type": "AssignString", "path": ["sys", "description"], "value": ""}, "version": 2, "at": 1723667579.5900102}
{"obj": {"type": "AssignString", "path": ["monitoring", "0ef888ef", "hostname"], "value": "gabrielloq"}, "version": 3, "at": 1723667579.5900102}
{"obj": {"type": "AssignString", "path": ["sys", "hostname"], "value": "gabrielloq"}, "version": 4, "at": 1723667579.5900102}
{"obj": {"type": "AssignString", "path": ["monitoring", "0ef888ef", "pid"], "value": "2636"}, "version": 5, "at": 1723667579.5900102}
{"obj": {"type": "AssignString", "path": ["monitoring", "0ef888ef", "tid"], "value": "8136"}, "version": 6, "at": 1723667579.5900102}
{"obj": {"type": "AddStrings", "path": ["sys", "tags"], "values": ["NLP", "Transformers", "fine-tuning"]}, "version": 7, "at": 1723667579.5910861}
{"obj": {"type": "AssignBool", "path": ["sys", "failed"], "value": false}, "version": 8, "at": 1723667579.5910861}
{"obj": {"type": "UploadFile", "path": ["source_code", "requirements"], "ext": "txt", "file_path": null, "tmp_file_name": "source_code_requirements-1723667580.033243-2024-08-15_03.33.00.033243.txt", "clean_after_upload": false}, "version": 9, "at": 1723667580.034236}
{"obj": {"type": "ConfigFloatSeries", "path": ["monitoring", "0ef888ef", "cpu"], "min": 0.0, "max": 100.0, "unit": "%"}, "version": 10, "at": 1723667580.0943546}
{"obj": {"type": "ClearFloatLog", "path": ["monitoring", "0ef888ef", "cpu"]}, "version": 11, "at": 1723667580.0943546}
{"obj": {"type": "ConfigFloatSeries", "path": ["monitoring", "0ef888ef", "memory"], "min": 0.0, "max": 19.71471405029297, "unit": "GB"}, "version": 12, "at": 1723667580.0943546}
{"obj": {"type": "ClearFloatLog", "path": ["monitoring", "0ef888ef", "memory"]}, "version": 13, "at": 1723667580.0943546}
{"obj": {"type": "ConfigFloatSeries", "path": ["monitoring", "0ef888ef", "gpu"], "min": 0.0, "max": 100.0, "unit": "%"}, "version": 14, "at": 1723667580.0943546}
{"obj": {"type": "ClearFloatLog", "path": ["monitoring", "0ef888ef", "gpu"]}, "version": 15, "at": 1723667580.0943546}
{"obj": {"type": "ConfigFloatSeries", "path": ["monitoring", "0ef888ef", "gpu_memory"], "min": 0.0, "max": 6.0, "unit": "GB"}, "version": 16, "at": 1723667580.0943546}
{"obj": {"type": "ClearFloatLog", "path": ["monitoring", "0ef888ef", "gpu_memory"]}, "version": 17, "at": 1723667580.0943546}
{"obj": {"type": "LogFloats", "path": ["monitoring", "0ef888ef", "memory"], "values": [{"value": 18.341453552246094, "step": null, "ts": 1723667580.0953438}]}, "version": 18, "at": 1723667580.0993438}
{"obj": {"type": "LogFloats", "path": ["monitoring", "0ef888ef", "gpu_memory"], "values": [{"value": 5.872455596923828, "step": null, "ts": 1723667580.0953438}]}, "version": 19, "at": 1723667580.0993438}
{"obj": {"type": "LogFloats", "path": ["monitoring", "0ef888ef", "cpu"], "values": [{"value": 34.6, "step": null, "ts": 1723667590.107137}]}, "version": 20, "at": 1723667590.166638}
{"obj": {"type": "LogFloats", "path": ["monitoring", "0ef888ef", "memory"], "values": [{"value": 19.233333587646484, "step": null, "ts": 1723667590.107137}]}, "version": 21, "at": 1723667590.1731508}
{"obj": {"type": "LogFloats", "path": ["monitoring", "0ef888ef", "gpu_memory"], "values": [{"value": 5.872455596923828, "step": null, "ts": 1723667590.107137}]}, "version": 22, "at": 1723667590.1731508}
{"obj": {"type": "LogFloats", "path": ["monitoring", "0ef888ef", "cpu"], "values": [{"value": 26.5, "step": null, "ts": 1723667600.187515}]}, "version": 23, "at": 1723667600.8640075}
{"obj": {"type": "LogFloats", "path": ["monitoring", "0ef888ef", "memory"], "values": [{"value": 19.61827850341797, "step": null, "ts": 1723667600.187515}]}, "version": 24, "at": 1723667600.895027}
{"obj": {"type": "LogFloats", "path": ["monitoring", "0ef888ef", "gpu_memory"], "values": [{"value": 5.872455596923828, "step": null, "ts": 1723667600.187515}]}, "version": 25, "at": 1723667600.895027}
{"obj": {"type": "LogFloats", "path": ["monitoring", "0ef888ef", "cpu"], "values": [{"value": 10.9, "step": null, "ts": 1723667610.8982885}]}, "version": 26, "at": 1723667610.9023683}
{"obj": {"type": "LogFloats", "path": ["monitoring", "0ef888ef", "memory"], "values": [{"value": 18.72565460205078, "step": null, "ts": 1723667610.8982885}]}, "version": 27, "at": 1723667610.9023683}
{"obj": {"type": "LogFloats", "path": ["monitoring", "0ef888ef", "gpu_memory"], "values": [{"value": 5.872455596923828, "step": null, "ts": 1723667610.8982885}]}, "version": 28, "at": 1723667610.9023683}
{"obj": {"type": "AssignString", "path": ["parameters", "model_name"], "value": "kalisai/Nusantara-0.8b-Indo-Chat"}, "version": 29, "at": 1723667620.5834935}
{"obj": {"type": "AssignInt", "path": ["parameters", "batch_size"], "value": 1}, "version": 30, "at": 1723667620.5844932}
{"obj": {"type": "AssignInt", "path": ["parameters", "num_train_epochs"], "value": 3}, "version": 31, "at": 1723667620.5844932}
{"obj": {"type": "AssignFloat", "path": ["parameters", "learning_rate"], "value": 5e-05}, "version": 32, "at": 1723667620.5864964}
{"obj": {"type": "AssignInt", "path": ["parameters", "gradient_accumulation_steps"], "value": 16}, "version": 33, "at": 1723667620.5874946}
{"obj": {"type": "LogFloats", "path": ["monitoring", "0ef888ef", "cpu"], "values": [{"value": 11.8, "step": null, "ts": 1723667620.9151578}]}, "version": 34, "at": 1723667620.9206746}
{"obj": {"type": "LogFloats", "path": ["monitoring", "0ef888ef", "memory"], "values": [{"value": 18.5006103515625, "step": null, "ts": 1723667620.9151578}]}, "version": 35, "at": 1723667620.962998}
{"obj": {"type": "LogFloats", "path": ["monitoring", "0ef888ef", "gpu_memory"], "values": [{"value": 5.872455596923828, "step": null, "ts": 1723667620.9151578}]}, "version": 36, "at": 1723667620.9925463}
{"obj": {"type": "LogFloats", "path": ["monitoring", "0ef888ef", "cpu"], "values": [{"value": 31.9, "step": null, "ts": 1723667631.0037076}]}, "version": 37, "at": 1723667631.0113745}
{"obj": {"type": "LogFloats", "path": ["monitoring", "0ef888ef", "memory"], "values": [{"value": 18.78974151611328, "step": null, "ts": 1723667631.0037076}]}, "version": 38, "at": 1723667631.0113745}
{"obj": {"type": "LogFloats", "path": ["monitoring", "0ef888ef", "gpu_memory"], "values": [{"value": 5.872455596923828, "step": null, "ts": 1723667631.0037076}]}, "version": 39, "at": 1723667631.0113745}
{"obj": {"type": "LogFloats", "path": ["monitoring", "0ef888ef", "cpu"], "values": [{"value": 11.9, "step": null, "ts": 1723667641.021142}]}, "version": 40, "at": 1723667641.0254834}
{"obj": {"type": "LogFloats", "path": ["monitoring", "0ef888ef", "memory"], "values": [{"value": 18.214065551757812, "step": null, "ts": 1723667641.021142}]}, "version": 41, "at": 1723667641.0254834}
{"obj": {"type": "LogFloats", "path": ["monitoring", "0ef888ef", "gpu_memory"], "values": [{"value": 5.872455596923828, "step": null, "ts": 1723667641.021142}]}, "version": 42, "at": 1723667641.0254834}
{"obj": {"type": "LogFloats", "path": ["monitoring", "0ef888ef", "cpu"], "values": [{"value": 15.9, "step": null, "ts": 1723667651.0330765}]}, "version": 43, "at": 1723667651.0397656}
{"obj": {"type": "LogFloats", "path": ["monitoring", "0ef888ef", "memory"], "values": [{"value": 17.863895416259766, "step": null, "ts": 1723667651.0330765}]}, "version": 44, "at": 1723667651.0397656}
{"obj": {"type": "LogFloats", "path": ["monitoring", "0ef888ef", "gpu_memory"], "values": [{"value": 5.872455596923828, "step": null, "ts": 1723667651.0330765}]}, "version": 45, "at": 1723667651.0397656}
{"obj": {"type": "LogFloats", "path": ["monitoring", "0ef888ef", "cpu"], "values": [{"value": 15.4, "step": null, "ts": 1723667661.051675}]}, "version": 46, "at": 1723667661.0565937}
{"obj": {"type": "LogFloats", "path": ["monitoring", "0ef888ef", "memory"], "values": [{"value": 17.663429260253906, "step": null, "ts": 1723667661.051675}]}, "version": 47, "at": 1723667661.0575945}
{"obj": {"type": "LogFloats", "path": ["monitoring", "0ef888ef", "gpu_memory"], "values": [{"value": 5.872455596923828, "step": null, "ts": 1723667661.051675}]}, "version": 48, "at": 1723667661.0575945}
{"obj": {"type": "LogFloats", "path": ["monitoring", "0ef888ef", "cpu"], "values": [{"value": 12.3, "step": null, "ts": 1723667671.069975}]}, "version": 49, "at": 1723667671.0741866}
{"obj": {"type": "LogFloats", "path": ["monitoring", "0ef888ef", "memory"], "values": [{"value": 17.678176879882812, "step": null, "ts": 1723667671.069975}]}, "version": 50, "at": 1723667671.0741866}
{"obj": {"type": "LogFloats", "path": ["monitoring", "0ef888ef", "gpu_memory"], "values": [{"value": 5.872455596923828, "step": null, "ts": 1723667671.069975}]}, "version": 51, "at": 1723667671.0741866}
{"obj": {"type": "LogFloats", "path": ["monitoring", "0ef888ef", "cpu"], "values": [{"value": 12.0, "step": null, "ts": 1723667681.0836222}]}, "version": 52, "at": 1723667681.0892723}
{"obj": {"type": "LogFloats", "path": ["monitoring", "0ef888ef", "memory"], "values": [{"value": 17.681705474853516, "step": null, "ts": 1723667681.0836222}]}, "version": 53, "at": 1723667681.0892723}
{"obj": {"type": "LogFloats", "path": ["monitoring", "0ef888ef", "gpu_memory"], "values": [{"value": 5.872455596923828, "step": null, "ts": 1723667681.0836222}]}, "version": 54, "at": 1723667681.0892723}
{"obj": {"type": "LogFloats", "path": ["monitoring", "0ef888ef", "cpu"], "values": [{"value": 13.3, "step": null, "ts": 1723667691.0910518}]}, "version": 55, "at": 1723667691.0970666}
{"obj": {"type": "LogFloats", "path": ["monitoring", "0ef888ef", "memory"], "values": [{"value": 17.678241729736328, "step": null, "ts": 1723667691.0910518}]}, "version": 56, "at": 1723667691.0970666}
{"obj": {"type": "LogFloats", "path": ["monitoring", "0ef888ef", "gpu_memory"], "values": [{"value": 5.872455596923828, "step": null, "ts": 1723667691.0910518}]}, "version": 57, "at": 1723667691.0970666}
{"obj": {"type": "LogFloats", "path": ["monitoring", "0ef888ef", "cpu"], "values": [{"value": 10.4, "step": null, "ts": 1723667701.1103985}]}, "version": 58, "at": 1723667701.1183221}
{"obj": {"type": "LogFloats", "path": ["monitoring", "0ef888ef", "memory"], "values": [{"value": 17.80042266845703, "step": null, "ts": 1723667701.1103985}]}, "version": 59, "at": 1723667701.1183221}
{"obj": {"type": "LogFloats", "path": ["monitoring", "0ef888ef", "gpu_memory"], "values": [{"value": 5.872455596923828, "step": null, "ts": 1723667701.1103985}]}, "version": 60, "at": 1723667701.1183221}
{"obj": {"type": "LogFloats", "path": ["monitoring", "0ef888ef", "cpu"], "values": [{"value": 13.9, "step": null, "ts": 1723667711.1240137}]}, "version": 61, "at": 1723667711.1316102}
{"obj": {"type": "LogFloats", "path": ["monitoring", "0ef888ef", "memory"], "values": [{"value": 17.909774780273438, "step": null, "ts": 1723667711.1240137}]}, "version": 62, "at": 1723667711.1316102}
{"obj": {"type": "LogFloats", "path": ["monitoring", "0ef888ef", "gpu_memory"], "values": [{"value": 5.872455596923828, "step": null, "ts": 1723667711.1240137}]}, "version": 63, "at": 1723667711.1316102}
{"obj": {"type": "LogFloats", "path": ["monitoring", "0ef888ef", "cpu"], "values": [{"value": 11.8, "step": null, "ts": 1723667721.1383142}]}, "version": 64, "at": 1723667721.1447556}
{"obj": {"type": "LogFloats", "path": ["monitoring", "0ef888ef", "memory"], "values": [{"value": 17.917064666748047, "step": null, "ts": 1723667721.1383142}]}, "version": 65, "at": 1723667721.1447556}
{"obj": {"type": "LogFloats", "path": ["monitoring", "0ef888ef", "gpu_memory"], "values": [{"value": 5.872455596923828, "step": null, "ts": 1723667721.1383142}]}, "version": 66, "at": 1723667721.1447556}
{"obj": {"type": "LogFloats", "path": ["monitoring", "0ef888ef", "cpu"], "values": [{"value": 11.2, "step": null, "ts": 1723667731.1584673}]}, "version": 67, "at": 1723667731.1736634}
{"obj": {"type": "LogFloats", "path": ["monitoring", "0ef888ef", "memory"], "values": [{"value": 17.938194274902344, "step": null, "ts": 1723667731.1584673}]}, "version": 68, "at": 1723667731.1736634}
{"obj": {"type": "LogFloats", "path": ["monitoring", "0ef888ef", "gpu_memory"], "values": [{"value": 5.872455596923828, "step": null, "ts": 1723667731.1584673}]}, "version": 69, "at": 1723667731.1736634}
{"obj": {"type": "LogFloats", "path": ["monitoring", "0ef888ef", "cpu"], "values": [{"value": 11.6, "step": null, "ts": 1723667741.1829805}]}, "version": 70, "at": 1723667741.187981}
{"obj": {"type": "LogFloats", "path": ["monitoring", "0ef888ef", "memory"], "values": [{"value": 17.901180267333984, "step": null, "ts": 1723667741.1829805}]}, "version": 71, "at": 1723667741.187981}
{"obj": {"type": "LogFloats", "path": ["monitoring", "0ef888ef", "gpu_memory"], "values": [{"value": 5.872455596923828, "step": null, "ts": 1723667741.1829805}]}, "version": 72, "at": 1723667741.187981}
{"obj": {"type": "LogFloats", "path": ["monitoring", "0ef888ef", "cpu"], "values": [{"value": 11.4, "step": null, "ts": 1723667751.2019572}]}, "version": 73, "at": 1723667751.2093923}
{"obj": {"type": "LogFloats", "path": ["monitoring", "0ef888ef", "memory"], "values": [{"value": 17.910900115966797, "step": null, "ts": 1723667751.2019572}]}, "version": 74, "at": 1723667751.2093923}
{"obj": {"type": "LogFloats", "path": ["monitoring", "0ef888ef", "gpu_memory"], "values": [{"value": 5.872455596923828, "step": null, "ts": 1723667751.2019572}]}, "version": 75, "at": 1723667751.2093923}
{"obj": {"type": "LogFloats", "path": ["monitoring", "0ef888ef", "cpu"], "values": [{"value": 11.9, "step": null, "ts": 1723667761.2117682}]}, "version": 76, "at": 1723667761.2167635}
{"obj": {"type": "LogFloats", "path": ["monitoring", "0ef888ef", "memory"], "values": [{"value": 17.921070098876953, "step": null, "ts": 1723667761.2117682}]}, "version": 77, "at": 1723667761.2167635}
{"obj": {"type": "LogFloats", "path": ["monitoring", "0ef888ef", "gpu_memory"], "values": [{"value": 5.872455596923828, "step": null, "ts": 1723667761.2117682}]}, "version": 78, "at": 1723667761.2167635}
{"obj": {"type": "LogFloats", "path": ["monitoring", "0ef888ef", "cpu"], "values": [{"value": 11.6, "step": null, "ts": 1723667771.2211468}]}, "version": 79, "at": 1723667771.2281718}
{"obj": {"type": "LogFloats", "path": ["monitoring", "0ef888ef", "memory"], "values": [{"value": 17.87594985961914, "step": null, "ts": 1723667771.2211468}]}, "version": 80, "at": 1723667771.2281718}
{"obj": {"type": "LogFloats", "path": ["monitoring", "0ef888ef", "gpu_memory"], "values": [{"value": 5.872455596923828, "step": null, "ts": 1723667771.2211468}]}, "version": 81, "at": 1723667771.2291682}
{"obj": {"type": "LogFloats", "path": ["monitoring", "0ef888ef", "cpu"], "values": [{"value": 11.2, "step": null, "ts": 1723667781.2309148}]}, "version": 82, "at": 1723667781.2368715}
{"obj": {"type": "LogFloats", "path": ["monitoring", "0ef888ef", "memory"], "values": [{"value": 17.837299346923828, "step": null, "ts": 1723667781.2309148}]}, "version": 83, "at": 1723667781.2378736}
{"obj": {"type": "LogFloats", "path": ["monitoring", "0ef888ef", "gpu_memory"], "values": [{"value": 5.872455596923828, "step": null, "ts": 1723667781.2309148}]}, "version": 84, "at": 1723667781.2378736}
{"obj": {"type": "LogFloats", "path": ["monitoring", "0ef888ef", "cpu"], "values": [{"value": 13.1, "step": null, "ts": 1723667791.2394154}]}, "version": 85, "at": 1723667791.2461336}
{"obj": {"type": "LogFloats", "path": ["monitoring", "0ef888ef", "memory"], "values": [{"value": 17.87378692626953, "step": null, "ts": 1723667791.2394154}]}, "version": 86, "at": 1723667791.2470837}
{"obj": {"type": "LogFloats", "path": ["monitoring", "0ef888ef", "gpu_memory"], "values": [{"value": 5.872455596923828, "step": null, "ts": 1723667791.2394154}]}, "version": 87, "at": 1723667791.2470837}
{"obj": {"type": "LogFloats", "path": ["monitoring", "0ef888ef", "cpu"], "values": [{"value": 12.1, "step": null, "ts": 1723667801.2573583}]}, "version": 88, "at": 1723667801.265529}
{"obj": {"type": "LogFloats", "path": ["monitoring", "0ef888ef", "memory"], "values": [{"value": 17.814228057861328, "step": null, "ts": 1723667801.2573583}]}, "version": 89, "at": 1723667801.2665286}
{"obj": {"type": "LogFloats", "path": ["monitoring", "0ef888ef", "gpu_memory"], "values": [{"value": 5.872455596923828, "step": null, "ts": 1723667801.2573583}]}, "version": 90, "at": 1723667801.2665286}
{"obj": {"type": "LogFloats", "path": ["monitoring", "0ef888ef", "cpu"], "values": [{"value": 16.3, "step": null, "ts": 1723667811.2746148}]}, "version": 91, "at": 1723667811.2823052}
{"obj": {"type": "LogFloats", "path": ["monitoring", "0ef888ef", "memory"], "values": [{"value": 18.09073257446289, "step": null, "ts": 1723667811.2746148}]}, "version": 92, "at": 1723667811.283299}
{"obj": {"type": "LogFloats", "path": ["monitoring", "0ef888ef", "gpu_memory"], "values": [{"value": 5.872455596923828, "step": null, "ts": 1723667811.2746148}]}, "version": 93, "at": 1723667811.283299}
{"obj": {"type": "LogFloats", "path": ["monitoring", "0ef888ef", "cpu"], "values": [{"value": 12.9, "step": null, "ts": 1723667821.2929163}]}, "version": 94, "at": 1723667821.2979202}
{"obj": {"type": "LogFloats", "path": ["monitoring", "0ef888ef", "memory"], "values": [{"value": 18.357173919677734, "step": null, "ts": 1723667821.2929163}]}, "version": 95, "at": 1723667821.2979202}
{"obj": {"type": "LogFloats", "path": ["monitoring", "0ef888ef", "gpu_memory"], "values": [{"value": 5.872455596923828, "step": null, "ts": 1723667821.2929163}]}, "version": 96, "at": 1723667821.2979202}
{"obj": {"type": "LogFloats", "path": ["monitoring", "0ef888ef", "cpu"], "values": [{"value": 14.7, "step": null, "ts": 1723667831.3066843}]}, "version": 97, "at": 1723667831.3141}
{"obj": {"type": "LogFloats", "path": ["monitoring", "0ef888ef", "memory"], "values": [{"value": 18.389469146728516, "step": null, "ts": 1723667831.3066843}]}, "version": 98, "at": 1723667831.3141}
{"obj": {"type": "LogFloats", "path": ["monitoring", "0ef888ef", "gpu_memory"], "values": [{"value": 5.872455596923828, "step": null, "ts": 1723667831.3066843}]}, "version": 99, "at": 1723667831.3141}
{"obj": {"type": "LogFloats", "path": ["monitoring", "0ef888ef", "cpu"], "values": [{"value": 12.3, "step": null, "ts": 1723667841.3193552}]}, "version": 100, "at": 1723667841.3256505}
{"obj": {"type": "LogFloats", "path": ["monitoring", "0ef888ef", "memory"], "values": [{"value": 18.344100952148438, "step": null, "ts": 1723667841.3193552}]}, "version": 101, "at": 1723667841.3256505}
{"obj": {"type": "LogFloats", "path": ["monitoring", "0ef888ef", "gpu_memory"], "values": [{"value": 5.872455596923828, "step": null, "ts": 1723667841.3193552}]}, "version": 102, "at": 1723667841.3256505}
{"obj": {"type": "LogFloats", "path": ["monitoring", "0ef888ef", "cpu"], "values": [{"value": 12.1, "step": null, "ts": 1723667851.3395722}]}, "version": 103, "at": 1723667851.3466249}
{"obj": {"type": "LogFloats", "path": ["monitoring", "0ef888ef", "memory"], "values": [{"value": 18.345794677734375, "step": null, "ts": 1723667851.3395722}]}, "version": 104, "at": 1723667851.3466249}
{"obj": {"type": "LogFloats", "path": ["monitoring", "0ef888ef", "gpu_memory"], "values": [{"value": 5.872455596923828, "step": null, "ts": 1723667851.3395722}]}, "version": 105, "at": 1723667851.3466249}
{"obj": {"type": "LogFloats", "path": ["monitoring", "0ef888ef", "cpu"], "values": [{"value": 14.9, "step": null, "ts": 1723667861.3537123}]}, "version": 106, "at": 1723667861.3627863}
{"obj": {"type": "LogFloats", "path": ["monitoring", "0ef888ef", "memory"], "values": [{"value": 18.193592071533203, "step": null, "ts": 1723667861.3537123}]}, "version": 107, "at": 1723667861.363786}
{"obj": {"type": "LogFloats", "path": ["monitoring", "0ef888ef", "gpu_memory"], "values": [{"value": 5.872455596923828, "step": null, "ts": 1723667861.3537123}]}, "version": 108, "at": 1723667861.363786}
{"obj": {"type": "LogFloats", "path": ["monitoring", "0ef888ef", "cpu"], "values": [{"value": 17.5, "step": null, "ts": 1723667871.3760192}]}, "version": 109, "at": 1723667871.3840773}
{"obj": {"type": "LogFloats", "path": ["monitoring", "0ef888ef", "memory"], "values": [{"value": 18.113170623779297, "step": null, "ts": 1723667871.3760192}]}, "version": 110, "at": 1723667871.3840773}
{"obj": {"type": "LogFloats", "path": ["monitoring", "0ef888ef", "gpu_memory"], "values": [{"value": 5.872455596923828, "step": null, "ts": 1723667871.3760192}]}, "version": 111, "at": 1723667871.3840773}
{"obj": {"type": "LogFloats", "path": ["monitoring", "0ef888ef", "cpu"], "values": [{"value": 14.2, "step": null, "ts": 1723667881.3847797}]}, "version": 112, "at": 1723667881.3897803}
{"obj": {"type": "LogFloats", "path": ["monitoring", "0ef888ef", "memory"], "values": [{"value": 18.08670425415039, "step": null, "ts": 1723667881.3847797}]}, "version": 113, "at": 1723667881.3897803}
{"obj": {"type": "LogFloats", "path": ["monitoring", "0ef888ef", "gpu_memory"], "values": [{"value": 5.872455596923828, "step": null, "ts": 1723667881.3847797}]}, "version": 114, "at": 1723667881.3897803}
{"obj": {"type": "LogFloats", "path": ["monitoring", "0ef888ef", "cpu"], "values": [{"value": 15.2, "step": null, "ts": 1723667891.395536}]}, "version": 115, "at": 1723667891.404608}
{"obj": {"type": "LogFloats", "path": ["monitoring", "0ef888ef", "memory"], "values": [{"value": 18.23462677001953, "step": null, "ts": 1723667891.395536}]}, "version": 116, "at": 1723667891.404608}
{"obj": {"type": "LogFloats", "path": ["monitoring", "0ef888ef", "gpu_memory"], "values": [{"value": 5.872455596923828, "step": null, "ts": 1723667891.395536}]}, "version": 117, "at": 1723667891.404608}
{"obj": {"type": "LogFloats", "path": ["monitoring", "0ef888ef", "cpu"], "values": [{"value": 11.4, "step": null, "ts": 1723667901.4099338}]}, "version": 118, "at": 1723667901.4145744}
{"obj": {"type": "LogFloats", "path": ["monitoring", "0ef888ef", "memory"], "values": [{"value": 18.214107513427734, "step": null, "ts": 1723667901.4099338}]}, "version": 119, "at": 1723667901.4145744}
{"obj": {"type": "LogFloats", "path": ["monitoring", "0ef888ef", "gpu_memory"], "values": [{"value": 5.872455596923828, "step": null, "ts": 1723667901.4099338}]}, "version": 120, "at": 1723667901.415581}
{"obj": {"type": "LogFloats", "path": ["monitoring", "0ef888ef", "cpu"], "values": [{"value": 11.8, "step": null, "ts": 1723667911.4184525}]}, "version": 121, "at": 1723667911.4254408}
{"obj": {"type": "LogFloats", "path": ["monitoring", "0ef888ef", "memory"], "values": [{"value": 18.230342864990234, "step": null, "ts": 1723667911.4184525}]}, "version": 122, "at": 1723667911.4254408}
{"obj": {"type": "LogFloats", "path": ["monitoring", "0ef888ef", "gpu_memory"], "values": [{"value": 5.872455596923828, "step": null, "ts": 1723667911.4184525}]}, "version": 123, "at": 1723667911.426437}
{"obj": {"type": "LogFloats", "path": ["monitoring", "0ef888ef", "cpu"], "values": [{"value": 11.9, "step": null, "ts": 1723667921.4367547}]}, "version": 124, "at": 1723667921.4449093}
{"obj": {"type": "LogFloats", "path": ["monitoring", "0ef888ef", "memory"], "values": [{"value": 18.12067413330078, "step": null, "ts": 1723667921.4367547}]}, "version": 125, "at": 1723667921.4449093}
{"obj": {"type": "LogFloats", "path": ["monitoring", "0ef888ef", "gpu_memory"], "values": [{"value": 5.872455596923828, "step": null, "ts": 1723667921.4367547}]}, "version": 126, "at": 1723667921.4449093}
{"obj": {"type": "LogFloats", "path": ["monitoring", "0ef888ef", "cpu"], "values": [{"value": 14.0, "step": null, "ts": 1723667931.4551244}]}, "version": 127, "at": 1723667931.4625676}
{"obj": {"type": "LogFloats", "path": ["monitoring", "0ef888ef", "memory"], "values": [{"value": 18.156997680664062, "step": null, "ts": 1723667931.4551244}]}, "version": 128, "at": 1723667931.4625676}
{"obj": {"type": "LogFloats", "path": ["monitoring", "0ef888ef", "gpu_memory"], "values": [{"value": 5.872455596923828, "step": null, "ts": 1723667931.4551244}]}, "version": 129, "at": 1723667931.4625676}
{"obj": {"type": "LogFloats", "path": ["monitoring", "0ef888ef", "cpu"], "values": [{"value": 13.0, "step": null, "ts": 1723667941.464338}]}, "version": 130, "at": 1723667941.473504}
{"obj": {"type": "LogFloats", "path": ["monitoring", "0ef888ef", "memory"], "values": [{"value": 18.142478942871094, "step": null, "ts": 1723667941.464338}]}, "version": 131, "at": 1723667941.473504}
{"obj": {"type": "LogFloats", "path": ["monitoring", "0ef888ef", "gpu_memory"], "values": [{"value": 5.872455596923828, "step": null, "ts": 1723667941.464338}]}, "version": 132, "at": 1723667941.473504}
{"obj": {"type": "LogFloats", "path": ["monitoring", "0ef888ef", "cpu"], "values": [{"value": 12.4, "step": null, "ts": 1723667951.476844}]}, "version": 133, "at": 1723667951.4833653}
{"obj": {"type": "LogFloats", "path": ["monitoring", "0ef888ef", "memory"], "values": [{"value": 18.142417907714844, "step": null, "ts": 1723667951.476844}]}, "version": 134, "at": 1723667951.4843664}
{"obj": {"type": "LogFloats", "path": ["monitoring", "0ef888ef", "gpu_memory"], "values": [{"value": 5.872455596923828, "step": null, "ts": 1723667951.476844}]}, "version": 135, "at": 1723667951.4843664}
{"obj": {"type": "LogFloats", "path": ["monitoring", "0ef888ef", "cpu"], "values": [{"value": 12.7, "step": null, "ts": 1723667961.4982033}]}, "version": 136, "at": 1723667961.5043247}
{"obj": {"type": "LogFloats", "path": ["monitoring", "0ef888ef", "memory"], "values": [{"value": 18.02096176147461, "step": null, "ts": 1723667961.4982033}]}, "version": 137, "at": 1723667961.5043247}
{"obj": {"type": "LogFloats", "path": ["monitoring", "0ef888ef", "gpu_memory"], "values": [{"value": 5.872455596923828, "step": null, "ts": 1723667961.4982033}]}, "version": 138, "at": 1723667961.5043247}
{"obj": {"type": "LogFloats", "path": ["monitoring", "0ef888ef", "cpu"], "values": [{"value": 12.1, "step": null, "ts": 1723667971.5100834}]}, "version": 139, "at": 1723667971.5146742}
{"obj": {"type": "LogFloats", "path": ["monitoring", "0ef888ef", "memory"], "values": [{"value": 18.078014373779297, "step": null, "ts": 1723667971.5100834}]}, "version": 140, "at": 1723667971.5146742}
{"obj": {"type": "LogFloats", "path": ["monitoring", "0ef888ef", "gpu_memory"], "values": [{"value": 5.872455596923828, "step": null, "ts": 1723667971.5100834}]}, "version": 141, "at": 1723667971.5146742}
{"obj": {"type": "LogFloats", "path": ["monitoring", "0ef888ef", "cpu"], "values": [{"value": 12.1, "step": null, "ts": 1723667981.5224292}]}, "version": 142, "at": 1723667981.5275123}
{"obj": {"type": "LogFloats", "path": ["monitoring", "0ef888ef", "memory"], "values": [{"value": 18.093677520751953, "step": null, "ts": 1723667981.5224292}]}, "version": 143, "at": 1723667981.5275123}
{"obj": {"type": "LogFloats", "path": ["monitoring", "0ef888ef", "gpu_memory"], "values": [{"value": 5.872455596923828, "step": null, "ts": 1723667981.5224292}]}, "version": 144, "at": 1723667981.5275123}
{"obj": {"type": "LogFloats", "path": ["monitoring", "0ef888ef", "cpu"], "values": [{"value": 13.6, "step": null, "ts": 1723667991.53928}]}, "version": 145, "at": 1723667991.5433347}
{"obj": {"type": "LogFloats", "path": ["monitoring", "0ef888ef", "memory"], "values": [{"value": 18.13925552368164, "step": null, "ts": 1723667991.53928}]}, "version": 146, "at": 1723667991.5433347}
{"obj": {"type": "LogFloats", "path": ["monitoring", "0ef888ef", "gpu_memory"], "values": [{"value": 5.872455596923828, "step": null, "ts": 1723667991.53928}]}, "version": 147, "at": 1723667991.5433347}
{"obj": {"type": "LogFloats", "path": ["monitoring", "0ef888ef", "cpu"], "values": [{"value": 11.4, "step": null, "ts": 1723668001.5449402}]}, "version": 148, "at": 1723668001.5514789}
{"obj": {"type": "LogFloats", "path": ["monitoring", "0ef888ef", "memory"], "values": [{"value": 18.081588745117188, "step": null, "ts": 1723668001.5449402}]}, "version": 149, "at": 1723668001.5523822}
{"obj": {"type": "LogFloats", "path": ["monitoring", "0ef888ef", "gpu_memory"], "values": [{"value": 5.872455596923828, "step": null, "ts": 1723668001.5449402}]}, "version": 150, "at": 1723668001.5523822}
{"obj": {"type": "LogFloats", "path": ["monitoring", "0ef888ef", "cpu"], "values": [{"value": 13.1, "step": null, "ts": 1723668011.5587077}]}, "version": 151, "at": 1723668011.565248}
{"obj": {"type": "LogFloats", "path": ["monitoring", "0ef888ef", "memory"], "values": [{"value": 18.05661392211914, "step": null, "ts": 1723668011.5587077}]}, "version": 152, "at": 1723668011.565248}
{"obj": {"type": "LogFloats", "path": ["monitoring", "0ef888ef", "gpu_memory"], "values": [{"value": 5.872455596923828, "step": null, "ts": 1723668011.5587077}]}, "version": 153, "at": 1723668011.565248}
{"obj": {"type": "LogFloats", "path": ["monitoring", "0ef888ef", "cpu"], "values": [{"value": 11.6, "step": null, "ts": 1723668021.5729783}]}, "version": 154, "at": 1723668021.5800052}
{"obj": {"type": "LogFloats", "path": ["monitoring", "0ef888ef", "memory"], "values": [{"value": 18.109447479248047, "step": null, "ts": 1723668021.5729783}]}, "version": 155, "at": 1723668021.5800052}
{"obj": {"type": "LogFloats", "path": ["monitoring", "0ef888ef", "gpu_memory"], "values": [{"value": 5.872455596923828, "step": null, "ts": 1723668021.5729783}]}, "version": 156, "at": 1723668021.5800052}
{"obj": {"type": "LogFloats", "path": ["monitoring", "0ef888ef", "cpu"], "values": [{"value": 11.1, "step": null, "ts": 1723668031.5854723}]}, "version": 157, "at": 1723668031.5939083}
{"obj": {"type": "LogFloats", "path": ["monitoring", "0ef888ef", "memory"], "values": [{"value": 18.203510284423828, "step": null, "ts": 1723668031.5854723}]}, "version": 158, "at": 1723668031.5939083}
{"obj": {"type": "LogFloats", "path": ["monitoring", "0ef888ef", "gpu_memory"], "values": [{"value": 5.872455596923828, "step": null, "ts": 1723668031.5854723}]}, "version": 159, "at": 1723668031.5939083}
{"obj": {"type": "LogFloats", "path": ["monitoring", "0ef888ef", "cpu"], "values": [{"value": 13.5, "step": null, "ts": 1723668041.6002803}]}, "version": 160, "at": 1723668041.6064305}
{"obj": {"type": "LogFloats", "path": ["monitoring", "0ef888ef", "memory"], "values": [{"value": 18.116710662841797, "step": null, "ts": 1723668041.6002803}]}, "version": 161, "at": 1723668041.6074286}
{"obj": {"type": "LogFloats", "path": ["monitoring", "0ef888ef", "gpu_memory"], "values": [{"value": 5.872455596923828, "step": null, "ts": 1723668041.6002803}]}, "version": 162, "at": 1723668041.6074286}
{"obj": {"type": "LogFloats", "path": ["monitoring", "0ef888ef", "cpu"], "values": [{"value": 13.1, "step": null, "ts": 1723668051.6100602}]}, "version": 163, "at": 1723668051.6166391}
{"obj": {"type": "LogFloats", "path": ["monitoring", "0ef888ef", "memory"], "values": [{"value": 18.065670013427734, "step": null, "ts": 1723668051.6100602}]}, "version": 164, "at": 1723668051.6166391}
{"obj": {"type": "LogFloats", "path": ["monitoring", "0ef888ef", "gpu_memory"], "values": [{"value": 5.872455596923828, "step": null, "ts": 1723668051.6100602}]}, "version": 165, "at": 1723668051.6166391}
{"obj": {"type": "LogFloats", "path": ["monitoring", "0ef888ef", "cpu"], "values": [{"value": 14.7, "step": null, "ts": 1723668061.6249583}]}, "version": 166, "at": 1723668061.6299515}
{"obj": {"type": "LogFloats", "path": ["monitoring", "0ef888ef", "memory"], "values": [{"value": 18.1671142578125, "step": null, "ts": 1723668061.6249583}]}, "version": 167, "at": 1723668061.6299515}
{"obj": {"type": "LogFloats", "path": ["monitoring", "0ef888ef", "gpu_memory"], "values": [{"value": 5.872455596923828, "step": null, "ts": 1723668061.6249583}]}, "version": 168, "at": 1723668061.6299515}
{"obj": {"type": "LogFloats", "path": ["monitoring", "0ef888ef", "cpu"], "values": [{"value": 12.1, "step": null, "ts": 1723668071.6435916}]}, "version": 169, "at": 1723668071.6495972}
{"obj": {"type": "LogFloats", "path": ["monitoring", "0ef888ef", "memory"], "values": [{"value": 18.057373046875, "step": null, "ts": 1723668071.6435916}]}, "version": 170, "at": 1723668071.6495972}
{"obj": {"type": "LogFloats", "path": ["monitoring", "0ef888ef", "gpu_memory"], "values": [{"value": 5.872455596923828, "step": null, "ts": 1723668071.6435916}]}, "version": 171, "at": 1723668071.6495972}
{"obj": {"type": "LogFloats", "path": ["monitoring", "0ef888ef", "cpu"], "values": [{"value": 13.1, "step": null, "ts": 1723668081.655371}]}, "version": 172, "at": 1723668081.6754556}
{"obj": {"type": "LogFloats", "path": ["monitoring", "0ef888ef", "memory"], "values": [{"value": 17.95853042602539, "step": null, "ts": 1723668081.655371}]}, "version": 173, "at": 1723668081.6764593}
{"obj": {"type": "LogFloats", "path": ["monitoring", "0ef888ef", "gpu_memory"], "values": [{"value": 5.872455596923828, "step": null, "ts": 1723668081.655371}]}, "version": 174, "at": 1723668081.6764593}
{"obj": {"type": "LogFloats", "path": ["monitoring", "0ef888ef", "cpu"], "values": [{"value": 16.7, "step": null, "ts": 1723668091.679926}]}, "version": 175, "at": 1723668091.6834629}
{"obj": {"type": "LogFloats", "path": ["monitoring", "0ef888ef", "memory"], "values": [{"value": 18.077003479003906, "step": null, "ts": 1723668091.679926}]}, "version": 176, "at": 1723668091.6834629}
{"obj": {"type": "LogFloats", "path": ["monitoring", "0ef888ef", "gpu_memory"], "values": [{"value": 5.872455596923828, "step": null, "ts": 1723668091.679926}]}, "version": 177, "at": 1723668091.6834629}
{"obj": {"type": "LogFloats", "path": ["monitoring", "0ef888ef", "cpu"], "values": [{"value": 13.1, "step": null, "ts": 1723668101.6881442}]}, "version": 178, "at": 1723668101.6936736}
{"obj": {"type": "LogFloats", "path": ["monitoring", "0ef888ef", "memory"], "values": [{"value": 18.240676879882812, "step": null, "ts": 1723668101.6881442}]}, "version": 179, "at": 1723668101.6936736}
{"obj": {"type": "LogFloats", "path": ["monitoring", "0ef888ef", "gpu_memory"], "values": [{"value": 5.872455596923828, "step": null, "ts": 1723668101.6881442}]}, "version": 180, "at": 1723668101.6936736}
{"obj": {"type": "LogFloats", "path": ["monitoring", "0ef888ef", "cpu"], "values": [{"value": 14.6, "step": null, "ts": 1723668111.702642}]}, "version": 181, "at": 1723668111.7086368}
{"obj": {"type": "LogFloats", "path": ["monitoring", "0ef888ef", "memory"], "values": [{"value": 18.252437591552734, "step": null, "ts": 1723668111.702642}]}, "version": 182, "at": 1723668111.7086368}
{"obj": {"type": "LogFloats", "path": ["monitoring", "0ef888ef", "gpu_memory"], "values": [{"value": 5.872455596923828, "step": null, "ts": 1723668111.702642}]}, "version": 183, "at": 1723668111.7086368}
{"obj": {"type": "LogFloats", "path": ["monitoring", "0ef888ef", "cpu"], "values": [{"value": 14.3, "step": null, "ts": 1723668121.7201078}]}, "version": 184, "at": 1723668121.7252774}
{"obj": {"type": "LogFloats", "path": ["monitoring", "0ef888ef", "memory"], "values": [{"value": 18.24917984008789, "step": null, "ts": 1723668121.7201078}]}, "version": 185, "at": 1723668121.7252774}
{"obj": {"type": "LogFloats", "path": ["monitoring", "0ef888ef", "gpu_memory"], "values": [{"value": 5.872455596923828, "step": null, "ts": 1723668121.7201078}]}, "version": 186, "at": 1723668121.725782}
{"obj": {"type": "LogFloats", "path": ["monitoring", "0ef888ef", "cpu"], "values": [{"value": 13.4, "step": null, "ts": 1723668131.740167}]}, "version": 187, "at": 1723668131.748253}
{"obj": {"type": "LogFloats", "path": ["monitoring", "0ef888ef", "memory"], "values": [{"value": 18.226394653320312, "step": null, "ts": 1723668131.740167}]}, "version": 188, "at": 1723668131.748253}
{"obj": {"type": "LogFloats", "path": ["monitoring", "0ef888ef", "gpu_memory"], "values": [{"value": 5.872455596923828, "step": null, "ts": 1723668131.740167}]}, "version": 189, "at": 1723668131.748253}
{"obj": {"type": "LogFloats", "path": ["monitoring", "0ef888ef", "cpu"], "values": [{"value": 11.3, "step": null, "ts": 1723668141.751153}]}, "version": 190, "at": 1723668141.7556539}
{"obj": {"type": "LogFloats", "path": ["monitoring", "0ef888ef", "memory"], "values": [{"value": 18.10842514038086, "step": null, "ts": 1723668141.751153}]}, "version": 191, "at": 1723668141.7556539}
{"obj": {"type": "LogFloats", "path": ["monitoring", "0ef888ef", "gpu_memory"], "values": [{"value": 5.872455596923828, "step": null, "ts": 1723668141.751153}]}, "version": 192, "at": 1723668141.7566597}
{"obj": {"type": "LogFloats", "path": ["monitoring", "0ef888ef", "cpu"], "values": [{"value": 13.0, "step": null, "ts": 1723668151.7660284}]}, "version": 193, "at": 1723668151.7712073}
{"obj": {"type": "LogFloats", "path": ["monitoring", "0ef888ef", "memory"], "values": [{"value": 18.095561981201172, "step": null, "ts": 1723668151.7660284}]}, "version": 194, "at": 1723668151.7712073}
{"obj": {"type": "LogFloats", "path": ["monitoring", "0ef888ef", "gpu_memory"], "values": [{"value": 5.872455596923828, "step": null, "ts": 1723668151.7660284}]}, "version": 195, "at": 1723668151.7712073}
{"obj": {"type": "LogFloats", "path": ["monitoring", "0ef888ef", "cpu"], "values": [{"value": 23.7, "step": null, "ts": 1723668161.7787337}]}, "version": 196, "at": 1723668161.8503244}
{"obj": {"type": "LogFloats", "path": ["monitoring", "0ef888ef", "memory"], "values": [{"value": 19.66454315185547, "step": null, "ts": 1723668161.7787337}]}, "version": 197, "at": 1723668161.8532872}
{"obj": {"type": "LogFloats", "path": ["monitoring", "0ef888ef", "gpu_memory"], "values": [{"value": 5.872455596923828, "step": null, "ts": 1723668161.7787337}]}, "version": 198, "at": 1723668161.8532872}
{"obj": {"type": "LogFloats", "path": ["monitoring", "0ef888ef", "cpu"], "values": [{"value": 20.1, "step": null, "ts": 1723668171.855766}]}, "version": 199, "at": 1723668171.8629417}
{"obj": {"type": "LogFloats", "path": ["monitoring", "0ef888ef", "memory"], "values": [{"value": 18.712955474853516, "step": null, "ts": 1723668171.855766}]}, "version": 200, "at": 1723668171.8629417}
{"obj": {"type": "LogFloats", "path": ["monitoring", "0ef888ef", "gpu_memory"], "values": [{"value": 5.872455596923828, "step": null, "ts": 1723668171.855766}]}, "version": 201, "at": 1723668171.8629417}
{"obj": {"type": "LogFloats", "path": ["monitoring", "0ef888ef", "cpu"], "values": [{"value": 10.3, "step": null, "ts": 1723668181.8738592}]}, "version": 202, "at": 1723668181.8783696}
{"obj": {"type": "LogFloats", "path": ["monitoring", "0ef888ef", "memory"], "values": [{"value": 19.17536163330078, "step": null, "ts": 1723668181.8738592}]}, "version": 203, "at": 1723668181.8783696}
{"obj": {"type": "LogFloats", "path": ["monitoring", "0ef888ef", "gpu_memory"], "values": [{"value": 5.872455596923828, "step": null, "ts": 1723668181.8738592}]}, "version": 204, "at": 1723668181.8783696}
{"obj": {"type": "LogFloats", "path": ["monitoring", "0ef888ef", "cpu"], "values": [{"value": 46.4, "step": null, "ts": 1723668191.890228}]}, "version": 205, "at": 1723668191.930308}
{"obj": {"type": "LogFloats", "path": ["monitoring", "0ef888ef", "memory"], "values": [{"value": 19.71063995361328, "step": null, "ts": 1723668191.890228}]}, "version": 206, "at": 1723668191.9333074}
{"obj": {"type": "LogFloats", "path": ["monitoring", "0ef888ef", "gpu_memory"], "values": [{"value": 5.872455596923828, "step": null, "ts": 1723668191.890228}]}, "version": 207, "at": 1723668191.9333074}
{"obj": {"type": "LogFloats", "path": ["monitoring", "0ef888ef", "cpu"], "values": [{"value": 56.1, "step": null, "ts": 1723668201.9344904}]}, "version": 208, "at": 1723668201.9465475}
{"obj": {"type": "LogFloats", "path": ["monitoring", "0ef888ef", "memory"], "values": [{"value": 18.725181579589844, "step": null, "ts": 1723668201.9344904}]}, "version": 209, "at": 1723668201.9475586}
{"obj": {"type": "LogFloats", "path": ["monitoring", "0ef888ef", "gpu_memory"], "values": [{"value": 5.872455596923828, "step": null, "ts": 1723668201.9344904}]}, "version": 210, "at": 1723668201.9475586}
{"obj": {"type": "LogFloats", "path": ["monitoring", "0ef888ef", "cpu"], "values": [{"value": 60.5, "step": null, "ts": 1723668211.9585793}]}, "version": 211, "at": 1723668211.9655764}
{"obj": {"type": "LogFloats", "path": ["monitoring", "0ef888ef", "memory"], "values": [{"value": 19.625957489013672, "step": null, "ts": 1723668211.9585793}]}, "version": 212, "at": 1723668211.9660819}
{"obj": {"type": "LogFloats", "path": ["monitoring", "0ef888ef", "gpu_memory"], "values": [{"value": 5.872455596923828, "step": null, "ts": 1723668211.9585793}]}, "version": 213, "at": 1723668211.9660819}
{"obj": {"type": "LogFloats", "path": ["monitoring", "0ef888ef", "cpu"], "values": [{"value": 53.8, "step": null, "ts": 1723668221.9781666}]}, "version": 214, "at": 1723668221.9922261}
{"obj": {"type": "LogFloats", "path": ["monitoring", "0ef888ef", "memory"], "values": [{"value": 19.083175659179688, "step": null, "ts": 1723668221.9781666}]}, "version": 215, "at": 1723668221.9932232}
{"obj": {"type": "LogFloats", "path": ["monitoring", "0ef888ef", "gpu_memory"], "values": [{"value": 5.872455596923828, "step": null, "ts": 1723668221.9781666}]}, "version": 216, "at": 1723668221.9932232}
{"obj": {"type": "LogFloats", "path": ["monitoring", "0ef888ef", "cpu"], "values": [{"value": 57.3, "step": null, "ts": 1723668231.9979315}]}, "version": 217, "at": 1723668232.0041025}
{"obj": {"type": "LogFloats", "path": ["monitoring", "0ef888ef", "memory"], "values": [{"value": 19.03268051147461, "step": null, "ts": 1723668231.9979315}]}, "version": 218, "at": 1723668232.0056098}
{"obj": {"type": "LogFloats", "path": ["monitoring", "0ef888ef", "gpu_memory"], "values": [{"value": 5.872455596923828, "step": null, "ts": 1723668231.9979315}]}, "version": 219, "at": 1723668232.0056098}
{"obj": {"type": "LogFloats", "path": ["monitoring", "0ef888ef", "cpu"], "values": [{"value": 44.6, "step": null, "ts": 1723668242.0095506}]}, "version": 220, "at": 1723668242.014553}
{"obj": {"type": "LogFloats", "path": ["monitoring", "0ef888ef", "memory"], "values": [{"value": 19.566268920898438, "step": null, "ts": 1723668242.0095506}]}, "version": 221, "at": 1723668242.0155537}
{"obj": {"type": "LogFloats", "path": ["monitoring", "0ef888ef", "gpu_memory"], "values": [{"value": 5.872455596923828, "step": null, "ts": 1723668242.0095506}]}, "version": 222, "at": 1723668242.0155537}
{"obj": {"type": "LogFloats", "path": ["monitoring", "0ef888ef", "cpu"], "values": [{"value": 13.7, "step": null, "ts": 1723668252.023391}]}, "version": 223, "at": 1723668252.028433}
{"obj": {"type": "LogFloats", "path": ["monitoring", "0ef888ef", "memory"], "values": [{"value": 18.865036010742188, "step": null, "ts": 1723668252.023391}]}, "version": 224, "at": 1723668252.0294323}
{"obj": {"type": "LogFloats", "path": ["monitoring", "0ef888ef", "gpu_memory"], "values": [{"value": 5.872455596923828, "step": null, "ts": 1723668252.023391}]}, "version": 225, "at": 1723668252.0294323}
{"obj": {"type": "LogFloats", "path": ["monitoring", "0ef888ef", "cpu"], "values": [{"value": 36.4, "step": null, "ts": 1723668262.040114}]}, "version": 226, "at": 1723668262.1556127}
{"obj": {"type": "LogFloats", "path": ["monitoring", "0ef888ef", "memory"], "values": [{"value": 19.527507781982422, "step": null, "ts": 1723668262.040114}]}, "version": 227, "at": 1723668262.1576138}
{"obj": {"type": "LogFloats", "path": ["monitoring", "0ef888ef", "gpu_memory"], "values": [{"value": 5.872455596923828, "step": null, "ts": 1723668262.040114}]}, "version": 228, "at": 1723668262.158614}
{"obj": {"type": "LogFloats", "path": ["monitoring", "0ef888ef", "cpu"], "values": [{"value": 41.9, "step": null, "ts": 1723668272.1624894}]}, "version": 229, "at": 1723668272.1675956}
{"obj": {"type": "LogFloats", "path": ["monitoring", "0ef888ef", "memory"], "values": [{"value": 19.071285247802734, "step": null, "ts": 1723668272.1624894}]}, "version": 230, "at": 1723668272.1675956}
{"obj": {"type": "LogFloats", "path": ["monitoring", "0ef888ef", "gpu_memory"], "values": [{"value": 5.872455596923828, "step": null, "ts": 1723668272.1624894}]}, "version": 231, "at": 1723668272.1675956}
{"obj": {"type": "LogFloats", "path": ["monitoring", "0ef888ef", "cpu"], "values": [{"value": 54.2, "step": null, "ts": 1723668282.1784346}]}, "version": 232, "at": 1723668282.1888537}
{"obj": {"type": "LogFloats", "path": ["monitoring", "0ef888ef", "memory"], "values": [{"value": 18.977542877197266, "step": null, "ts": 1723668282.1784346}]}, "version": 233, "at": 1723668282.1888537}
{"obj": {"type": "LogFloats", "path": ["monitoring", "0ef888ef", "gpu_memory"], "values": [{"value": 5.872455596923828, "step": null, "ts": 1723668282.1784346}]}, "version": 234, "at": 1723668282.1888537}
{"obj": {"type": "LogFloats", "path": ["monitoring", "0ef888ef", "cpu"], "values": [{"value": 69.7, "step": null, "ts": 1723668292.1892219}]}, "version": 235, "at": 1723668292.208325}
{"obj": {"type": "LogFloats", "path": ["monitoring", "0ef888ef", "memory"], "values": [{"value": 18.80813980102539, "step": null, "ts": 1723668292.1892219}]}, "version": 236, "at": 1723668292.2138734}
{"obj": {"type": "LogFloats", "path": ["monitoring", "0ef888ef", "gpu_memory"], "values": [{"value": 5.872455596923828, "step": null, "ts": 1723668292.1892219}]}, "version": 237, "at": 1723668292.214837}
{"obj": {"type": "LogFloats", "path": ["monitoring", "0ef888ef", "cpu"], "values": [{"value": 54.6, "step": null, "ts": 1723668302.2277818}]}, "version": 238, "at": 1723668302.249567}
{"obj": {"type": "LogFloats", "path": ["monitoring", "0ef888ef", "memory"], "values": [{"value": 19.64736557006836, "step": null, "ts": 1723668302.2277818}]}, "version": 239, "at": 1723668302.2545674}
{"obj": {"type": "LogFloats", "path": ["monitoring", "0ef888ef", "gpu_memory"], "values": [{"value": 5.872455596923828, "step": null, "ts": 1723668302.2277818}]}, "version": 240, "at": 1723668302.2545674}
{"obj": {"type": "LogFloats", "path": ["monitoring", "0ef888ef", "cpu"], "values": [{"value": 33.0, "step": null, "ts": 1723668312.2624755}]}, "version": 241, "at": 1723668312.278647}
{"obj": {"type": "LogFloats", "path": ["monitoring", "0ef888ef", "memory"], "values": [{"value": 19.107913970947266, "step": null, "ts": 1723668312.2624755}]}, "version": 242, "at": 1723668312.2820709}
{"obj": {"type": "LogFloats", "path": ["monitoring", "0ef888ef", "gpu_memory"], "values": [{"value": 5.872455596923828, "step": null, "ts": 1723668312.2624755}]}, "version": 243, "at": 1723668312.2820709}
{"obj": {"type": "LogFloats", "path": ["monitoring", "0ef888ef", "cpu"], "values": [{"value": 30.2, "step": null, "ts": 1723668322.2833443}]}, "version": 244, "at": 1723668322.3655453}
{"obj": {"type": "LogFloats", "path": ["monitoring", "0ef888ef", "memory"], "values": [{"value": 19.711135864257812, "step": null, "ts": 1723668322.2833443}]}, "version": 245, "at": 1723668322.3655453}
{"obj": {"type": "LogFloats", "path": ["monitoring", "0ef888ef", "gpu_memory"], "values": [{"value": 5.872455596923828, "step": null, "ts": 1723668322.2833443}]}, "version": 246, "at": 1723668322.3655453}
{"obj": {"type": "LogFloats", "path": ["monitoring", "0ef888ef", "cpu"], "values": [{"value": 21.0, "step": null, "ts": 1723668332.382768}]}, "version": 247, "at": 1723668332.722088}
{"obj": {"type": "LogFloats", "path": ["monitoring", "0ef888ef", "memory"], "values": [{"value": 19.702316284179688, "step": null, "ts": 1723668332.382768}]}, "version": 248, "at": 1723668332.8212092}
{"obj": {"type": "LogFloats", "path": ["monitoring", "0ef888ef", "gpu_memory"], "values": [{"value": 5.872455596923828, "step": null, "ts": 1723668332.382768}]}, "version": 249, "at": 1723668332.8212092}
{"obj": {"type": "LogFloats", "path": ["monitoring", "0ef888ef", "cpu"], "values": [{"value": 29.3, "step": null, "ts": 1723668343.0477197}]}, "version": 250, "at": 1723668343.8419442}
{"obj": {"type": "LogFloats", "path": ["monitoring", "0ef888ef", "memory"], "values": [{"value": 19.683765411376953, "step": null, "ts": 1723668343.0477197}]}, "version": 251, "at": 1723668344.0035164}
{"obj": {"type": "LogFloats", "path": ["monitoring", "0ef888ef", "gpu_memory"], "values": [{"value": 5.872455596923828, "step": null, "ts": 1723668343.0477197}]}, "version": 252, "at": 1723668344.0141912}
{"obj": {"type": "LogFloats", "path": ["monitoring", "0ef888ef", "cpu"], "values": [{"value": 28.8, "step": null, "ts": 1723668354.0344481}]}, "version": 253, "at": 1723668354.396375}
{"obj": {"type": "LogFloats", "path": ["monitoring", "0ef888ef", "memory"], "values": [{"value": 19.671192169189453, "step": null, "ts": 1723668354.0344481}]}, "version": 254, "at": 1723668354.475601}
{"obj": {"type": "LogFloats", "path": ["monitoring", "0ef888ef", "gpu_memory"], "values": [{"value": 5.872455596923828, "step": null, "ts": 1723668354.0344481}]}, "version": 255, "at": 1723668354.475601}
{"obj": {"type": "LogFloats", "path": ["monitoring", "0ef888ef", "cpu"], "values": [{"value": 21.6, "step": null, "ts": 1723668364.4764721}]}, "version": 256, "at": 1723668364.485746}
{"obj": {"type": "LogFloats", "path": ["monitoring", "0ef888ef", "memory"], "values": [{"value": 18.901939392089844, "step": null, "ts": 1723668364.4764721}]}, "version": 257, "at": 1723668364.485746}
{"obj": {"type": "LogFloats", "path": ["monitoring", "0ef888ef", "gpu_memory"], "values": [{"value": 5.872455596923828, "step": null, "ts": 1723668364.4764721}]}, "version": 258, "at": 1723668364.485746}
{"obj": {"type": "LogFloats", "path": ["monitoring", "0ef888ef", "cpu"], "values": [{"value": 15.1, "step": null, "ts": 1723668374.5012066}]}, "version": 259, "at": 1723668374.5042572}
{"obj": {"type": "LogFloats", "path": ["monitoring", "0ef888ef", "memory"], "values": [{"value": 18.88532257080078, "step": null, "ts": 1723668374.5012066}]}, "version": 260, "at": 1723668374.5058367}
{"obj": {"type": "LogFloats", "path": ["monitoring", "0ef888ef", "gpu_memory"], "values": [{"value": 5.872455596923828, "step": null, "ts": 1723668374.5012066}]}, "version": 261, "at": 1723668374.5058367}
{"obj": {"type": "LogFloats", "path": ["monitoring", "0ef888ef", "cpu"], "values": [{"value": 15.6, "step": null, "ts": 1723668384.5064423}]}, "version": 262, "at": 1723668384.6314592}
{"obj": {"type": "LogFloats", "path": ["monitoring", "0ef888ef", "memory"], "values": [{"value": 19.6343994140625, "step": null, "ts": 1723668384.5064423}]}, "version": 263, "at": 1723668384.6324592}
{"obj": {"type": "LogFloats", "path": ["monitoring", "0ef888ef", "gpu_memory"], "values": [{"value": 5.872455596923828, "step": null, "ts": 1723668384.5064423}]}, "version": 264, "at": 1723668384.6324592}
{"obj": {"type": "LogFloats", "path": ["monitoring", "0ef888ef", "cpu"], "values": [{"value": 9.7, "step": null, "ts": 1723668395.0297713}]}, "version": 265, "at": 1723668395.6302085}
{"obj": {"type": "LogFloats", "path": ["monitoring", "0ef888ef", "memory"], "values": [{"value": 19.710613250732422, "step": null, "ts": 1723668395.0297713}]}, "version": 266, "at": 1723668396.1968386}
{"obj": {"type": "LogFloats", "path": ["monitoring", "0ef888ef", "gpu_memory"], "values": [{"value": 5.872455596923828, "step": null, "ts": 1723668395.0297713}]}, "version": 267, "at": 1723668396.1968386}
{"obj": {"type": "LogFloats", "path": ["monitoring", "0ef888ef", "cpu"], "values": [{"value": 6.9, "step": null, "ts": 1723668406.2210047}]}, "version": 268, "at": 1723668406.231363}
{"obj": {"type": "LogFloats", "path": ["monitoring", "0ef888ef", "memory"], "values": [{"value": 19.714027404785156, "step": null, "ts": 1723668406.2210047}]}, "version": 269, "at": 1723668406.231363}
{"obj": {"type": "LogFloats", "path": ["monitoring", "0ef888ef", "gpu_memory"], "values": [{"value": 5.872455596923828, "step": null, "ts": 1723668406.2210047}]}, "version": 270, "at": 1723668406.231363}
{"obj": {"type": "LogFloats", "path": ["monitoring", "0ef888ef", "cpu"], "values": [{"value": 6.5, "step": null, "ts": 1723668416.2715945}]}, "version": 271, "at": 1723668416.611865}
{"obj": {"type": "LogFloats", "path": ["monitoring", "0ef888ef", "memory"], "values": [{"value": 19.592517852783203, "step": null, "ts": 1723668416.2715945}]}, "version": 272, "at": 1723668416.7941523}
{"obj": {"type": "LogFloats", "path": ["monitoring", "0ef888ef", "gpu_memory"], "values": [{"value": 5.872455596923828, "step": null, "ts": 1723668416.2715945}]}, "version": 273, "at": 1723668416.8147285}
{"obj": {"type": "LogFloats", "path": ["monitoring", "0ef888ef", "cpu"], "values": [{"value": 6.0, "step": null, "ts": 1723668426.8260028}]}, "version": 274, "at": 1723668426.8365605}
{"obj": {"type": "LogFloats", "path": ["monitoring", "0ef888ef", "memory"], "values": [{"value": 19.71399688720703, "step": null, "ts": 1723668426.8260028}]}, "version": 275, "at": 1723668426.8450673}
{"obj": {"type": "LogFloats", "path": ["monitoring", "0ef888ef", "gpu_memory"], "values": [{"value": 5.872455596923828, "step": null, "ts": 1723668426.8260028}]}, "version": 276, "at": 1723668426.8460891}
