{"obj": {"type": "AssignString", "path": ["sys", "name"], "value": "Fine-tuning Nusantara Chat Model"}, "version": 1, "at": 1723668157.7872193}
{"obj": {"type": "AssignString", "path": ["sys", "description"], "value": ""}, "version": 2, "at": 1723668157.7872193}
{"obj": {"type": "AssignString", "path": ["monitoring", "0ef888ef", "hostname"], "value": "gabrielloq"}, "version": 3, "at": 1723668157.7872193}
{"obj": {"type": "AssignString", "path": ["sys", "hostname"], "value": "gabrielloq"}, "version": 4, "at": 1723668157.7872193}
{"obj": {"type": "AssignString", "path": ["monitoring", "0ef888ef", "pid"], "value": "2636"}, "version": 5, "at": 1723668157.7872193}
{"obj": {"type": "AssignString", "path": ["monitoring", "0ef888ef", "tid"], "value": "8136"}, "version": 6, "at": 1723668157.7872193}
{"obj": {"type": "AddStrings", "path": ["sys", "tags"], "values": ["NLP", "Transformers", "fine-tuning"]}, "version": 7, "at": 1723668157.7882109}
{"obj": {"type": "AssignBool", "path": ["sys", "failed"], "value": false}, "version": 8, "at": 1723668157.7904038}
{"obj": {"type": "UploadFile", "path": ["source_code", "requirements"], "ext": "txt", "file_path": null, "tmp_file_name": "source_code_requirements-1723668158.303452-2024-08-15_03.42.38.303452.txt", "clean_after_upload": false}, "version": 9, "at": 1723668158.3053765}
{"obj": {"type": "ConfigFloatSeries", "path": ["monitoring", "0ef888ef", "cpu"], "min": 0.0, "max": 100.0, "unit": "%"}, "version": 10, "at": 1723668158.3331869}
{"obj": {"type": "ClearFloatLog", "path": ["monitoring", "0ef888ef", "cpu"]}, "version": 11, "at": 1723668158.3331869}
{"obj": {"type": "ConfigFloatSeries", "path": ["monitoring", "0ef888ef", "memory"], "min": 0.0, "max": 19.71471405029297, "unit": "GB"}, "version": 12, "at": 1723668158.3331869}
{"obj": {"type": "ClearFloatLog", "path": ["monitoring", "0ef888ef", "memory"]}, "version": 13, "at": 1723668158.3331869}
{"obj": {"type": "ConfigFloatSeries", "path": ["monitoring", "0ef888ef", "gpu"], "min": 0.0, "max": 100.0, "unit": "%"}, "version": 14, "at": 1723668158.3331869}
{"obj": {"type": "ClearFloatLog", "path": ["monitoring", "0ef888ef", "gpu"]}, "version": 15, "at": 1723668158.3331869}
{"obj": {"type": "ConfigFloatSeries", "path": ["monitoring", "0ef888ef", "gpu_memory"], "min": 0.0, "max": 6.0, "unit": "GB"}, "version": 16, "at": 1723668158.3331869}
{"obj": {"type": "ClearFloatLog", "path": ["monitoring", "0ef888ef", "gpu_memory"]}, "version": 17, "at": 1723668158.3331869}
{"obj": {"type": "LogFloats", "path": ["monitoring", "0ef888ef", "memory"], "values": [{"value": 17.944961547851562, "step": null, "ts": 1723668158.3341792}]}, "version": 18, "at": 1723668158.3409238}
{"obj": {"type": "LogFloats", "path": ["monitoring", "0ef888ef", "gpu_memory"], "values": [{"value": 5.872455596923828, "step": null, "ts": 1723668158.3341792}]}, "version": 19, "at": 1723668158.3409238}
{"obj": {"type": "LogFloats", "path": ["monitoring", "0ef888ef", "cpu"], "values": [{"value": 29.2, "step": null, "ts": 1723668168.3532538}]}, "version": 20, "at": 1723668168.3672447}
{"obj": {"type": "LogFloats", "path": ["monitoring", "0ef888ef", "memory"], "values": [{"value": 18.672473907470703, "step": null, "ts": 1723668168.3532538}]}, "version": 21, "at": 1723668168.3672447}
{"obj": {"type": "LogFloats", "path": ["monitoring", "0ef888ef", "gpu_memory"], "values": [{"value": 5.872455596923828, "step": null, "ts": 1723668168.3532538}]}, "version": 22, "at": 1723668168.3672447}
{"obj": {"type": "LogFloats", "path": ["monitoring", "0ef888ef", "cpu"], "values": [{"value": 11.8, "step": null, "ts": 1723668178.3690763}]}, "version": 23, "at": 1723668178.37638}
{"obj": {"type": "LogFloats", "path": ["monitoring", "0ef888ef", "memory"], "values": [{"value": 19.056293487548828, "step": null, "ts": 1723668178.3690763}]}, "version": 24, "at": 1723668178.3773818}
{"obj": {"type": "LogFloats", "path": ["monitoring", "0ef888ef", "gpu"], "values": [{"value": 1.0, "step": null, "ts": 1723668178.3690763}]}, "version": 25, "at": 1723668178.3773818}
{"obj": {"type": "LogFloats", "path": ["monitoring", "0ef888ef", "gpu_memory"], "values": [{"value": 5.872455596923828, "step": null, "ts": 1723668178.3690763}]}, "version": 26, "at": 1723668178.3773818}
{"obj": {"type": "AssignString", "path": ["parameters", "model_name"], "value": "kalisai/Nusantara-0.8b-Indo-Chat"}, "version": 27, "at": 1723668184.3026435}
{"obj": {"type": "AssignInt", "path": ["parameters", "batch_size"], "value": 1}, "version": 28, "at": 1723668184.3036435}
{"obj": {"type": "AssignInt", "path": ["parameters", "num_train_epochs"], "value": 3}, "version": 29, "at": 1723668184.3036435}
{"obj": {"type": "AssignFloat", "path": ["parameters", "learning_rate"], "value": 5e-05}, "version": 30, "at": 1723668184.3036435}
{"obj": {"type": "AssignInt", "path": ["parameters", "gradient_accumulation_steps"], "value": 16}, "version": 31, "at": 1723668184.3036435}
{"obj": {"type": "LogFloats", "path": ["monitoring", "0ef888ef", "cpu"], "values": [{"value": 24.0, "step": null, "ts": 1723668188.3872309}]}, "version": 32, "at": 1723668188.482853}
{"obj": {"type": "LogFloats", "path": ["monitoring", "0ef888ef", "memory"], "values": [{"value": 19.697917938232422, "step": null, "ts": 1723668188.3872309}]}, "version": 33, "at": 1723668188.4838574}
{"obj": {"type": "LogFloats", "path": ["monitoring", "0ef888ef", "gpu"], "values": [{"value": 1.0, "step": null, "ts": 1723668188.3872309}]}, "version": 34, "at": 1723668188.4838574}
{"obj": {"type": "LogFloats", "path": ["monitoring", "0ef888ef", "gpu_memory"], "values": [{"value": 5.872455596923828, "step": null, "ts": 1723668188.3872309}]}, "version": 35, "at": 1723668188.4838574}
{"obj": {"type": "LogFloats", "path": ["monitoring", "0ef888ef", "cpu"], "values": [{"value": 59.9, "step": null, "ts": 1723668198.4964695}]}, "version": 36, "at": 1723668198.5397146}
{"obj": {"type": "LogFloats", "path": ["monitoring", "0ef888ef", "memory"], "values": [{"value": 19.70358657836914, "step": null, "ts": 1723668198.4964695}]}, "version": 37, "at": 1723668198.5480752}
{"obj": {"type": "LogFloats", "path": ["monitoring", "0ef888ef", "gpu_memory"], "values": [{"value": 5.872455596923828, "step": null, "ts": 1723668198.4964695}]}, "version": 38, "at": 1723668198.5480752}
{"obj": {"type": "LogFloats", "path": ["monitoring", "0ef888ef", "cpu"], "values": [{"value": 63.8, "step": null, "ts": 1723668208.560196}]}, "version": 39, "at": 1723668208.5667272}
{"obj": {"type": "LogFloats", "path": ["monitoring", "0ef888ef", "memory"], "values": [{"value": 19.233898162841797, "step": null, "ts": 1723668208.560196}]}, "version": 40, "at": 1723668208.5667272}
{"obj": {"type": "LogFloats", "path": ["monitoring", "0ef888ef", "gpu_memory"], "values": [{"value": 5.872455596923828, "step": null, "ts": 1723668208.560196}]}, "version": 41, "at": 1723668208.5667272}
{"obj": {"type": "LogFloats", "path": ["monitoring", "0ef888ef", "cpu"], "values": [{"value": 58.2, "step": null, "ts": 1723668218.5710814}]}, "version": 42, "at": 1723668218.5764067}
{"obj": {"type": "LogFloats", "path": ["monitoring", "0ef888ef", "memory"], "values": [{"value": 18.822410583496094, "step": null, "ts": 1723668218.5710814}]}, "version": 43, "at": 1723668218.5764067}
{"obj": {"type": "LogFloats", "path": ["monitoring", "0ef888ef", "gpu"], "values": [{"value": 1.0, "step": null, "ts": 1723668218.5710814}]}, "version": 44, "at": 1723668218.5764067}
{"obj": {"type": "LogFloats", "path": ["monitoring", "0ef888ef", "gpu_memory"], "values": [{"value": 5.872455596923828, "step": null, "ts": 1723668218.5710814}]}, "version": 45, "at": 1723668218.577408}
{"obj": {"type": "LogFloats", "path": ["monitoring", "0ef888ef", "cpu"], "values": [{"value": 54.4, "step": null, "ts": 1723668228.5899003}]}, "version": 46, "at": 1723668228.6037328}
{"obj": {"type": "LogFloats", "path": ["monitoring", "0ef888ef", "memory"], "values": [{"value": 18.928794860839844, "step": null, "ts": 1723668228.5899003}]}, "version": 47, "at": 1723668228.6037328}
{"obj": {"type": "LogFloats", "path": ["monitoring", "0ef888ef", "gpu_memory"], "values": [{"value": 5.872455596923828, "step": null, "ts": 1723668228.5899003}]}, "version": 48, "at": 1723668228.6037328}
{"obj": {"type": "LogFloats", "path": ["monitoring", "0ef888ef", "cpu"], "values": [{"value": 49.4, "step": null, "ts": 1723668238.6132176}]}, "version": 49, "at": 1723668238.627245}
{"obj": {"type": "LogFloats", "path": ["monitoring", "0ef888ef", "memory"], "values": [{"value": 19.33493423461914, "step": null, "ts": 1723668238.6132176}]}, "version": 50, "at": 1723668238.6312506}
{"obj": {"type": "LogFloats", "path": ["monitoring", "0ef888ef", "gpu"], "values": [{"value": 1.0, "step": null, "ts": 1723668238.6132176}]}, "version": 51, "at": 1723668238.632251}
{"obj": {"type": "LogFloats", "path": ["monitoring", "0ef888ef", "gpu_memory"], "values": [{"value": 5.872455596923828, "step": null, "ts": 1723668238.6132176}]}, "version": 52, "at": 1723668238.632251}
{"obj": {"type": "LogFloats", "path": ["monitoring", "0ef888ef", "cpu"], "values": [{"value": 21.2, "step": null, "ts": 1723668248.6472127}]}, "version": 53, "at": 1723668248.798525}
{"obj": {"type": "LogFloats", "path": ["monitoring", "0ef888ef", "memory"], "values": [{"value": 19.480186462402344, "step": null, "ts": 1723668248.6472127}]}, "version": 54, "at": 1723668248.806693}
{"obj": {"type": "LogFloats", "path": ["monitoring", "0ef888ef", "gpu_memory"], "values": [{"value": 5.872455596923828, "step": null, "ts": 1723668248.6472127}]}, "version": 55, "at": 1723668248.806693}
{"obj": {"type": "LogFloats", "path": ["monitoring", "0ef888ef", "cpu"], "values": [{"value": 27.1, "step": null, "ts": 1723668258.8188746}]}, "version": 56, "at": 1723668258.8238738}
{"obj": {"type": "LogFloats", "path": ["monitoring", "0ef888ef", "memory"], "values": [{"value": 19.20101547241211, "step": null, "ts": 1723668258.8188746}]}, "version": 57, "at": 1723668258.8238738}
{"obj": {"type": "LogFloats", "path": ["monitoring", "0ef888ef", "gpu_memory"], "values": [{"value": 5.872455596923828, "step": null, "ts": 1723668258.8188746}]}, "version": 58, "at": 1723668258.8238738}
{"obj": {"type": "LogFloats", "path": ["monitoring", "0ef888ef", "cpu"], "values": [{"value": 44.1, "step": null, "ts": 1723668268.8383534}]}, "version": 59, "at": 1723668268.9575057}
{"obj": {"type": "LogFloats", "path": ["monitoring", "0ef888ef", "memory"], "values": [{"value": 19.620227813720703, "step": null, "ts": 1723668268.8383534}]}, "version": 60, "at": 1723668268.9756613}
{"obj": {"type": "LogFloats", "path": ["monitoring", "0ef888ef", "gpu_memory"], "values": [{"value": 5.872455596923828, "step": null, "ts": 1723668268.8383534}]}, "version": 61, "at": 1723668268.9756613}
{"obj": {"type": "LogFloats", "path": ["monitoring", "0ef888ef", "cpu"], "values": [{"value": 48.6, "step": null, "ts": 1723668279.0608275}]}, "version": 62, "at": 1723668279.3824759}
{"obj": {"type": "LogFloats", "path": ["monitoring", "0ef888ef", "memory"], "values": [{"value": 19.6253662109375, "step": null, "ts": 1723668279.0608275}]}, "version": 63, "at": 1723668279.3922985}
{"obj": {"type": "LogFloats", "path": ["monitoring", "0ef888ef", "gpu_memory"], "values": [{"value": 5.872455596923828, "step": null, "ts": 1723668279.0608275}]}, "version": 64, "at": 1723668279.3922985}
{"obj": {"type": "LogFloats", "path": ["monitoring", "0ef888ef", "cpu"], "values": [{"value": 61.2, "step": null, "ts": 1723668289.4025578}]}, "version": 65, "at": 1723668289.420469}
{"obj": {"type": "LogFloats", "path": ["monitoring", "0ef888ef", "memory"], "values": [{"value": 19.53774642944336, "step": null, "ts": 1723668289.4025578}]}, "version": 66, "at": 1723668289.420469}
{"obj": {"type": "LogFloats", "path": ["monitoring", "0ef888ef", "gpu_memory"], "values": [{"value": 5.872455596923828, "step": null, "ts": 1723668289.4025578}]}, "version": 67, "at": 1723668289.420469}
{"obj": {"type": "LogFloats", "path": ["monitoring", "0ef888ef", "cpu"], "values": [{"value": 63.3, "step": null, "ts": 1723668299.4701247}]}, "version": 68, "at": 1723668299.6108506}
{"obj": {"type": "LogFloats", "path": ["monitoring", "0ef888ef", "memory"], "values": [{"value": 19.711040496826172, "step": null, "ts": 1723668299.4701247}]}, "version": 69, "at": 1723668299.6308718}
{"obj": {"type": "LogFloats", "path": ["monitoring", "0ef888ef", "gpu_memory"], "values": [{"value": 5.872455596923828, "step": null, "ts": 1723668299.4701247}]}, "version": 70, "at": 1723668299.6308718}
{"obj": {"type": "LogFloats", "path": ["monitoring", "0ef888ef", "cpu"], "values": [{"value": 35.6, "step": null, "ts": 1723668309.6481235}]}, "version": 71, "at": 1723668309.7067416}
{"obj": {"type": "LogFloats", "path": ["monitoring", "0ef888ef", "memory"], "values": [{"value": 19.707420349121094, "step": null, "ts": 1723668309.6481235}]}, "version": 72, "at": 1723668309.7096798}
{"obj": {"type": "LogFloats", "path": ["monitoring", "0ef888ef", "gpu_memory"], "values": [{"value": 5.872455596923828, "step": null, "ts": 1723668309.6481235}]}, "version": 73, "at": 1723668309.7106812}
{"obj": {"type": "LogFloats", "path": ["monitoring", "0ef888ef", "cpu"], "values": [{"value": 36.8, "step": null, "ts": 1723668319.72561}]}, "version": 74, "at": 1723668320.1407228}
{"obj": {"type": "LogFloats", "path": ["monitoring", "0ef888ef", "memory"], "values": [{"value": 19.71322250366211, "step": null, "ts": 1723668319.72561}]}, "version": 75, "at": 1723668320.165565}
{"obj": {"type": "LogFloats", "path": ["monitoring", "0ef888ef", "gpu_memory"], "values": [{"value": 5.872455596923828, "step": null, "ts": 1723668319.72561}]}, "version": 76, "at": 1723668320.165565}
{"obj": {"type": "LogFloats", "path": ["monitoring", "0ef888ef", "cpu"], "values": [{"value": 15.4, "step": null, "ts": 1723668330.197183}]}, "version": 77, "at": 1723668330.5643148}
{"obj": {"type": "LogFloats", "path": ["monitoring", "0ef888ef", "memory"], "values": [{"value": 19.69744873046875, "step": null, "ts": 1723668330.197183}]}, "version": 78, "at": 1723668330.6942499}
{"obj": {"type": "LogFloats", "path": ["monitoring", "0ef888ef", "gpu_memory"], "values": [{"value": 5.872455596923828, "step": null, "ts": 1723668330.197183}]}, "version": 79, "at": 1723668330.6942499}
{"obj": {"type": "LogFloats", "path": ["monitoring", "0ef888ef", "cpu"], "values": [{"value": 30.8, "step": null, "ts": 1723668340.6966922}]}, "version": 80, "at": 1723668340.850615}
{"obj": {"type": "LogFloats", "path": ["monitoring", "0ef888ef", "memory"], "values": [{"value": 19.706707000732422, "step": null, "ts": 1723668340.6966922}]}, "version": 81, "at": 1723668340.8536146}
{"obj": {"type": "LogFloats", "path": ["monitoring", "0ef888ef", "gpu"], "values": [{"value": 1.0, "step": null, "ts": 1723668340.6966922}]}, "version": 82, "at": 1723668340.8546147}
{"obj": {"type": "LogFloats", "path": ["monitoring", "0ef888ef", "gpu_memory"], "values": [{"value": 5.872455596923828, "step": null, "ts": 1723668340.6966922}]}, "version": 83, "at": 1723668340.8556147}
{"obj": {"type": "LogFloats", "path": ["monitoring", "0ef888ef", "cpu"], "values": [{"value": 29.2, "step": null, "ts": 1723668350.8573334}]}, "version": 84, "at": 1723668351.0346296}
{"obj": {"type": "LogFloats", "path": ["monitoring", "0ef888ef", "memory"], "values": [{"value": 19.67760467529297, "step": null, "ts": 1723668350.8573334}]}, "version": 85, "at": 1723668351.038149}
{"obj": {"type": "LogFloats", "path": ["monitoring", "0ef888ef", "gpu_memory"], "values": [{"value": 5.872455596923828, "step": null, "ts": 1723668350.8573334}]}, "version": 86, "at": 1723668351.038149}
{"obj": {"type": "LogFloats", "path": ["monitoring", "0ef888ef", "cpu"], "values": [{"value": 24.7, "step": null, "ts": 1723668361.0414057}]}, "version": 87, "at": 1723668361.1245255}
{"obj": {"type": "LogFloats", "path": ["monitoring", "0ef888ef", "memory"], "values": [{"value": 18.721683502197266, "step": null, "ts": 1723668361.0414057}]}, "version": 88, "at": 1723668361.1255264}
{"obj": {"type": "LogFloats", "path": ["monitoring", "0ef888ef", "gpu_memory"], "values": [{"value": 5.872455596923828, "step": null, "ts": 1723668361.0414057}]}, "version": 89, "at": 1723668361.1255264}
{"obj": {"type": "LogFloats", "path": ["monitoring", "0ef888ef", "cpu"], "values": [{"value": 16.8, "step": null, "ts": 1723668371.1403997}]}, "version": 90, "at": 1723668371.1466613}
{"obj": {"type": "LogFloats", "path": ["monitoring", "0ef888ef", "memory"], "values": [{"value": 18.86910629272461, "step": null, "ts": 1723668371.1403997}]}, "version": 91, "at": 1723668371.1466613}
{"obj": {"type": "LogFloats", "path": ["monitoring", "0ef888ef", "gpu_memory"], "values": [{"value": 5.872455596923828, "step": null, "ts": 1723668371.1403997}]}, "version": 92, "at": 1723668371.1466613}
{"obj": {"type": "LogFloats", "path": ["monitoring", "0ef888ef", "cpu"], "values": [{"value": 14.5, "step": null, "ts": 1723668381.1522603}]}, "version": 93, "at": 1723668381.342074}
{"obj": {"type": "LogFloats", "path": ["monitoring", "0ef888ef", "memory"], "values": [{"value": 19.69638442993164, "step": null, "ts": 1723668381.1522603}]}, "version": 94, "at": 1723668381.3726034}
{"obj": {"type": "LogFloats", "path": ["monitoring", "0ef888ef", "gpu_memory"], "values": [{"value": 5.872455596923828, "step": null, "ts": 1723668381.1522603}]}, "version": 95, "at": 1723668381.3737159}
{"obj": {"type": "LogFloats", "path": ["monitoring", "0ef888ef", "cpu"], "values": [{"value": 13.2, "step": null, "ts": 1723668391.388705}]}, "version": 96, "at": 1723668391.8444905}
{"obj": {"type": "LogFloats", "path": ["monitoring", "0ef888ef", "memory"], "values": [{"value": 19.714584350585938, "step": null, "ts": 1723668391.388705}]}, "version": 97, "at": 1723668392.1360168}
{"obj": {"type": "LogFloats", "path": ["monitoring", "0ef888ef", "gpu_memory"], "values": [{"value": 5.872455596923828, "step": null, "ts": 1723668391.388705}]}, "version": 98, "at": 1723668392.1390424}
{"obj": {"type": "LogFloats", "path": ["monitoring", "0ef888ef", "cpu"], "values": [{"value": 6.6, "step": null, "ts": 1723668402.2658336}]}, "version": 99, "at": 1723668403.1309695}
{"obj": {"type": "LogFloats", "path": ["monitoring", "0ef888ef", "memory"], "values": [{"value": 19.714126586914062, "step": null, "ts": 1723668402.2658336}]}, "version": 100, "at": 1723668403.4326746}
{"obj": {"type": "LogFloats", "path": ["monitoring", "0ef888ef", "gpu_memory"], "values": [{"value": 5.872455596923828, "step": null, "ts": 1723668402.2658336}]}, "version": 101, "at": 1723668403.43295}
{"obj": {"type": "LogFloats", "path": ["monitoring", "0ef888ef", "cpu"], "values": [{"value": 6.3, "step": null, "ts": 1723668413.8078494}]}, "version": 102, "at": 1723668414.2603686}
{"obj": {"type": "LogFloats", "path": ["monitoring", "0ef888ef", "memory"], "values": [{"value": 19.700050354003906, "step": null, "ts": 1723668413.8078494}]}, "version": 103, "at": 1723668414.2942975}
{"obj": {"type": "LogFloats", "path": ["monitoring", "0ef888ef", "gpu_memory"], "values": [{"value": 5.872455596923828, "step": null, "ts": 1723668413.8078494}]}, "version": 104, "at": 1723668414.2942975}
{"obj": {"type": "LogFloats", "path": ["monitoring", "0ef888ef", "cpu"], "values": [{"value": 6.8, "step": null, "ts": 1723668424.3036172}]}, "version": 105, "at": 1723668424.5758634}
{"obj": {"type": "LogFloats", "path": ["monitoring", "0ef888ef", "memory"], "values": [{"value": 19.71414566040039, "step": null, "ts": 1723668424.3036172}]}, "version": 106, "at": 1723668424.5808756}
{"obj": {"type": "LogFloats", "path": ["monitoring", "0ef888ef", "gpu_memory"], "values": [{"value": 5.872455596923828, "step": null, "ts": 1723668424.3036172}]}, "version": 107, "at": 1723668424.5808756}
{"obj": {"type": "LogFloats", "path": ["monitoring", "0ef888ef", "cpu"], "values": [{"value": 5.7, "step": null, "ts": 1723668435.0927253}]}, "version": 108, "at": 1723668435.1400099}
{"obj": {"type": "LogFloats", "path": ["monitoring", "0ef888ef", "memory"], "values": [{"value": 19.714122772216797, "step": null, "ts": 1723668435.0927253}]}, "version": 109, "at": 1723668436.653482}
