{"obj": {"type": "AssignString", "path": ["sys", "name"], "value": "Fine-tuning Nusantara Chat Model"}, "version": 1, "at": 1723667360.7784476}
{"obj": {"type": "AssignString", "path": ["sys", "description"], "value": ""}, "version": 2, "at": 1723667360.7794442}
{"obj": {"type": "AssignString", "path": ["monitoring", "0ef888ef", "hostname"], "value": "gabrielloq"}, "version": 3, "at": 1723667360.7794442}
{"obj": {"type": "AssignString", "path": ["sys", "hostname"], "value": "gabrielloq"}, "version": 4, "at": 1723667360.7794442}
{"obj": {"type": "AssignString", "path": ["monitoring", "0ef888ef", "pid"], "value": "2636"}, "version": 5, "at": 1723667360.7794442}
{"obj": {"type": "AssignString", "path": ["monitoring", "0ef888ef", "tid"], "value": "8136"}, "version": 6, "at": 1723667360.7794442}
{"obj": {"type": "AddStrings", "path": ["sys", "tags"], "values": ["NLP", "Transformers", "fine-tuning"]}, "version": 7, "at": 1723667360.7794442}
{"obj": {"type": "AssignBool", "path": ["sys", "failed"], "value": false}, "version": 8, "at": 1723667360.7794442}
{"obj": {"type": "UploadFile", "path": ["source_code", "requirements"], "ext": "txt", "file_path": null, "tmp_file_name": "source_code_requirements-1723667361.016897-2024-08-15_03.29.21.016897.txt", "clean_after_upload": false}, "version": 9, "at": 1723667361.0172746}
{"obj": {"type": "ConfigFloatSeries", "path": ["monitoring", "0ef888ef", "cpu"], "min": 0.0, "max": 100.0, "unit": "%"}, "version": 10, "at": 1723667361.0692708}
{"obj": {"type": "ClearFloatLog", "path": ["monitoring", "0ef888ef", "cpu"]}, "version": 11, "at": 1723667361.0692708}
{"obj": {"type": "ConfigFloatSeries", "path": ["monitoring", "0ef888ef", "memory"], "min": 0.0, "max": 19.71471405029297, "unit": "GB"}, "version": 12, "at": 1723667361.0692708}
{"obj": {"type": "ClearFloatLog", "path": ["monitoring", "0ef888ef", "memory"]}, "version": 13, "at": 1723667361.0692708}
{"obj": {"type": "ConfigFloatSeries", "path": ["monitoring", "0ef888ef", "gpu"], "min": 0.0, "max": 100.0, "unit": "%"}, "version": 14, "at": 1723667361.0692708}
{"obj": {"type": "ClearFloatLog", "path": ["monitoring", "0ef888ef", "gpu"]}, "version": 15, "at": 1723667361.0692708}
{"obj": {"type": "ConfigFloatSeries", "path": ["monitoring", "0ef888ef", "gpu_memory"], "min": 0.0, "max": 6.0, "unit": "GB"}, "version": 16, "at": 1723667361.0692708}
{"obj": {"type": "ClearFloatLog", "path": ["monitoring", "0ef888ef", "gpu_memory"]}, "version": 17, "at": 1723667361.0692708}
{"obj": {"type": "LogFloats", "path": ["monitoring", "0ef888ef", "memory"], "values": [{"value": 13.094463348388672, "step": null, "ts": 1723667361.0703738}]}, "version": 18, "at": 1723667361.0902185}
{"obj": {"type": "LogFloats", "path": ["monitoring", "0ef888ef", "gpu_memory"], "values": [{"value": 0.14939498901367188, "step": null, "ts": 1723667361.0703738}]}, "version": 19, "at": 1723667361.0902185}
{"obj": {"type": "AssignString", "path": ["parameters", "model_name"], "value": "kalisai/Nusantara-0.8b-Indo-Chat"}, "version": 20, "at": 1723667369.687583}
{"obj": {"type": "AssignInt", "path": ["parameters", "batch_size"], "value": 1}, "version": 21, "at": 1723667369.687583}
{"obj": {"type": "AssignInt", "path": ["parameters", "num_train_epochs"], "value": 3}, "version": 22, "at": 1723667369.687583}
{"obj": {"type": "AssignFloat", "path": ["parameters", "learning_rate"], "value": 5e-05}, "version": 23, "at": 1723667369.687583}
{"obj": {"type": "AssignInt", "path": ["parameters", "gradient_accumulation_steps"], "value": 16}, "version": 24, "at": 1723667369.687583}
{"obj": {"type": "AssignString", "path": ["training", "initial_model"], "value": "kalisai/Nusantara-0.8b-Indo-Chat"}, "version": 25, "at": 1723667369.9378512}
{"obj": {"type": "LogFloats", "path": ["monitoring", "0ef888ef", "cpu"], "values": [{"value": 25.4, "step": null, "ts": 1723667371.0975108}]}, "version": 26, "at": 1723667371.1034374}
{"obj": {"type": "LogFloats", "path": ["monitoring", "0ef888ef", "memory"], "values": [{"value": 16.571842193603516, "step": null, "ts": 1723667371.0975108}]}, "version": 27, "at": 1723667371.1034374}
{"obj": {"type": "LogFloats", "path": ["monitoring", "0ef888ef", "gpu_memory"], "values": [{"value": 4.052253723144531, "step": null, "ts": 1723667371.0975108}]}, "version": 28, "at": 1723667371.1034374}
{"obj": {"type": "LogFloats", "path": ["monitoring", "0ef888ef", "cpu"], "values": [{"value": 17.8, "step": null, "ts": 1723667381.110328}]}, "version": 29, "at": 1723667381.1321394}
{"obj": {"type": "LogFloats", "path": ["monitoring", "0ef888ef", "memory"], "values": [{"value": 18.882492065429688, "step": null, "ts": 1723667381.110328}]}, "version": 30, "at": 1723667381.1321394}
{"obj": {"type": "LogFloats", "path": ["monitoring", "0ef888ef", "gpu"], "values": [{"value": 100.0, "step": null, "ts": 1723667381.110328}]}, "version": 31, "at": 1723667381.1321394}
{"obj": {"type": "LogFloats", "path": ["monitoring", "0ef888ef", "gpu_memory"], "values": [{"value": 5.971714019775391, "step": null, "ts": 1723667381.110328}]}, "version": 32, "at": 1723667381.1321394}
{"obj": {"type": "LogFloats", "path": ["monitoring", "0ef888ef", "cpu"], "values": [{"value": 11.2, "step": null, "ts": 1723667391.146394}]}, "version": 33, "at": 1723667391.1503932}
{"obj": {"type": "LogFloats", "path": ["monitoring", "0ef888ef", "memory"], "values": [{"value": 18.8690185546875, "step": null, "ts": 1723667391.146394}]}, "version": 34, "at": 1723667391.1503932}
{"obj": {"type": "LogFloats", "path": ["monitoring", "0ef888ef", "gpu"], "values": [{"value": 99.0, "step": null, "ts": 1723667391.146394}]}, "version": 35, "at": 1723667391.1503932}
{"obj": {"type": "LogFloats", "path": ["monitoring", "0ef888ef", "gpu_memory"], "values": [{"value": 5.971714019775391, "step": null, "ts": 1723667391.146394}]}, "version": 36, "at": 1723667391.1503932}
{"obj": {"type": "LogFloats", "path": ["monitoring", "0ef888ef", "cpu"], "values": [{"value": 26.8, "step": null, "ts": 1723667401.1561766}]}, "version": 37, "at": 1723667401.172881}
{"obj": {"type": "LogFloats", "path": ["monitoring", "0ef888ef", "memory"], "values": [{"value": 19.493701934814453, "step": null, "ts": 1723667401.1561766}]}, "version": 38, "at": 1723667401.1738875}
{"obj": {"type": "LogFloats", "path": ["monitoring", "0ef888ef", "gpu_memory"], "values": [{"value": 5.970432281494141, "step": null, "ts": 1723667401.1561766}]}, "version": 39, "at": 1723667401.1738875}
{"obj": {"type": "LogFloats", "path": ["monitoring", "0ef888ef", "cpu"], "values": [{"value": 22.4, "step": null, "ts": 1723667411.1763518}]}, "version": 40, "at": 1723667411.183469}
{"obj": {"type": "LogFloats", "path": ["monitoring", "0ef888ef", "memory"], "values": [{"value": 19.227645874023438, "step": null, "ts": 1723667411.1763518}]}, "version": 41, "at": 1723667411.183469}
{"obj": {"type": "LogFloats", "path": ["monitoring", "0ef888ef", "gpu_memory"], "values": [{"value": 5.872455596923828, "step": null, "ts": 1723667411.1763518}]}, "version": 42, "at": 1723667411.183469}
{"obj": {"type": "LogFloats", "path": ["monitoring", "0ef888ef", "cpu"], "values": [{"value": 16.0, "step": null, "ts": 1723667421.1863804}]}, "version": 43, "at": 1723667421.19108}
{"obj": {"type": "LogFloats", "path": ["monitoring", "0ef888ef", "memory"], "values": [{"value": 19.023773193359375, "step": null, "ts": 1723667421.1863804}]}, "version": 44, "at": 1723667421.19108}
{"obj": {"type": "LogFloats", "path": ["monitoring", "0ef888ef", "gpu_memory"], "values": [{"value": 5.872455596923828, "step": null, "ts": 1723667421.1863804}]}, "version": 45, "at": 1723667421.19108}
{"obj": {"type": "LogFloats", "path": ["monitoring", "0ef888ef", "cpu"], "values": [{"value": 15.2, "step": null, "ts": 1723667431.197384}]}, "version": 46, "at": 1723667431.2018905}
{"obj": {"type": "LogFloats", "path": ["monitoring", "0ef888ef", "memory"], "values": [{"value": 19.306888580322266, "step": null, "ts": 1723667431.197384}]}, "version": 47, "at": 1723667431.2018905}
{"obj": {"type": "LogFloats", "path": ["monitoring", "0ef888ef", "gpu_memory"], "values": [{"value": 5.872455596923828, "step": null, "ts": 1723667431.197384}]}, "version": 48, "at": 1723667431.2018905}
{"obj": {"type": "LogFloats", "path": ["monitoring", "0ef888ef", "cpu"], "values": [{"value": 12.4, "step": null, "ts": 1723667441.2162905}]}, "version": 49, "at": 1723667441.2233608}
{"obj": {"type": "LogFloats", "path": ["monitoring", "0ef888ef", "memory"], "values": [{"value": 19.130477905273438, "step": null, "ts": 1723667441.2162905}]}, "version": 50, "at": 1723667441.2233608}
{"obj": {"type": "LogFloats", "path": ["monitoring", "0ef888ef", "gpu_memory"], "values": [{"value": 5.872455596923828, "step": null, "ts": 1723667441.2162905}]}, "version": 51, "at": 1723667441.2233608}
{"obj": {"type": "LogFloats", "path": ["monitoring", "0ef888ef", "cpu"], "values": [{"value": 13.8, "step": null, "ts": 1723667451.234223}]}, "version": 52, "at": 1723667451.2393658}
{"obj": {"type": "LogFloats", "path": ["monitoring", "0ef888ef", "memory"], "values": [{"value": 19.081409454345703, "step": null, "ts": 1723667451.234223}]}, "version": 53, "at": 1723667451.2393658}
{"obj": {"type": "LogFloats", "path": ["monitoring", "0ef888ef", "gpu_memory"], "values": [{"value": 5.872455596923828, "step": null, "ts": 1723667451.234223}]}, "version": 54, "at": 1723667451.2393658}
{"obj": {"type": "LogFloats", "path": ["monitoring", "0ef888ef", "cpu"], "values": [{"value": 13.2, "step": null, "ts": 1723667461.245259}]}, "version": 55, "at": 1723667461.250407}
{"obj": {"type": "LogFloats", "path": ["monitoring", "0ef888ef", "memory"], "values": [{"value": 19.193519592285156, "step": null, "ts": 1723667461.245259}]}, "version": 56, "at": 1723667461.250407}
{"obj": {"type": "LogFloats", "path": ["monitoring", "0ef888ef", "gpu_memory"], "values": [{"value": 5.872455596923828, "step": null, "ts": 1723667461.245259}]}, "version": 57, "at": 1723667461.2513635}
{"obj": {"type": "LogFloats", "path": ["monitoring", "0ef888ef", "cpu"], "values": [{"value": 12.5, "step": null, "ts": 1723667471.261491}]}, "version": 58, "at": 1723667471.2679353}
{"obj": {"type": "LogFloats", "path": ["monitoring", "0ef888ef", "memory"], "values": [{"value": 19.07292938232422, "step": null, "ts": 1723667471.261491}]}, "version": 59, "at": 1723667471.2679353}
{"obj": {"type": "LogFloats", "path": ["monitoring", "0ef888ef", "gpu_memory"], "values": [{"value": 5.872455596923828, "step": null, "ts": 1723667471.261491}]}, "version": 60, "at": 1723667471.2679353}
{"obj": {"type": "LogFloats", "path": ["monitoring", "0ef888ef", "cpu"], "values": [{"value": 14.5, "step": null, "ts": 1723667481.2759385}]}, "version": 61, "at": 1723667481.2921526}
{"obj": {"type": "LogFloats", "path": ["monitoring", "0ef888ef", "memory"], "values": [{"value": 19.058345794677734, "step": null, "ts": 1723667481.2759385}]}, "version": 62, "at": 1723667481.2921526}
{"obj": {"type": "LogFloats", "path": ["monitoring", "0ef888ef", "gpu_memory"], "values": [{"value": 5.872455596923828, "step": null, "ts": 1723667481.2759385}]}, "version": 63, "at": 1723667481.2921526}
{"obj": {"type": "LogFloats", "path": ["monitoring", "0ef888ef", "cpu"], "values": [{"value": 12.8, "step": null, "ts": 1723667491.300818}]}, "version": 64, "at": 1723667491.3038402}
{"obj": {"type": "LogFloats", "path": ["monitoring", "0ef888ef", "memory"], "values": [{"value": 19.021629333496094, "step": null, "ts": 1723667491.300818}]}, "version": 65, "at": 1723667491.3038402}
{"obj": {"type": "LogFloats", "path": ["monitoring", "0ef888ef", "gpu_memory"], "values": [{"value": 5.872455596923828, "step": null, "ts": 1723667491.300818}]}, "version": 66, "at": 1723667491.3038402}
{"obj": {"type": "LogFloats", "path": ["monitoring", "0ef888ef", "cpu"], "values": [{"value": 12.3, "step": null, "ts": 1723667501.3095872}]}, "version": 67, "at": 1723667501.317042}
{"obj": {"type": "LogFloats", "path": ["monitoring", "0ef888ef", "memory"], "values": [{"value": 19.009082794189453, "step": null, "ts": 1723667501.3095872}]}, "version": 68, "at": 1723667501.317042}
{"obj": {"type": "LogFloats", "path": ["monitoring", "0ef888ef", "gpu_memory"], "values": [{"value": 5.872455596923828, "step": null, "ts": 1723667501.3095872}]}, "version": 69, "at": 1723667501.317042}
{"obj": {"type": "LogFloats", "path": ["monitoring", "0ef888ef", "cpu"], "values": [{"value": 12.8, "step": null, "ts": 1723667511.3256726}]}, "version": 70, "at": 1723667511.3295608}
{"obj": {"type": "LogFloats", "path": ["monitoring", "0ef888ef", "memory"], "values": [{"value": 18.94033432006836, "step": null, "ts": 1723667511.3256726}]}, "version": 71, "at": 1723667511.3295608}
{"obj": {"type": "LogFloats", "path": ["monitoring", "0ef888ef", "gpu_memory"], "values": [{"value": 5.872455596923828, "step": null, "ts": 1723667511.3256726}]}, "version": 72, "at": 1723667511.3295608}
{"obj": {"type": "LogFloats", "path": ["monitoring", "0ef888ef", "cpu"], "values": [{"value": 10.1, "step": null, "ts": 1723667521.3299587}]}, "version": 73, "at": 1723667521.3339746}
{"obj": {"type": "LogFloats", "path": ["monitoring", "0ef888ef", "memory"], "values": [{"value": 18.942752838134766, "step": null, "ts": 1723667521.3299587}]}, "version": 74, "at": 1723667521.3339746}
{"obj": {"type": "LogFloats", "path": ["monitoring", "0ef888ef", "gpu_memory"], "values": [{"value": 5.872455596923828, "step": null, "ts": 1723667521.3299587}]}, "version": 75, "at": 1723667521.3339746}
{"obj": {"type": "LogFloats", "path": ["monitoring", "0ef888ef", "cpu"], "values": [{"value": 12.2, "step": null, "ts": 1723667531.3462603}]}, "version": 76, "at": 1723667531.354729}
{"obj": {"type": "LogFloats", "path": ["monitoring", "0ef888ef", "memory"], "values": [{"value": 19.08050537109375, "step": null, "ts": 1723667531.3462603}]}, "version": 77, "at": 1723667531.3557248}
{"obj": {"type": "LogFloats", "path": ["monitoring", "0ef888ef", "gpu_memory"], "values": [{"value": 5.872455596923828, "step": null, "ts": 1723667531.3462603}]}, "version": 78, "at": 1723667531.3557248}
{"obj": {"type": "LogFloats", "path": ["monitoring", "0ef888ef", "cpu"], "values": [{"value": 10.9, "step": null, "ts": 1723667541.3632507}]}, "version": 79, "at": 1723667541.369146}
{"obj": {"type": "LogFloats", "path": ["monitoring", "0ef888ef", "memory"], "values": [{"value": 19.118534088134766, "step": null, "ts": 1723667541.3632507}]}, "version": 80, "at": 1723667541.369146}
{"obj": {"type": "LogFloats", "path": ["monitoring", "0ef888ef", "gpu_memory"], "values": [{"value": 5.872455596923828, "step": null, "ts": 1723667541.3632507}]}, "version": 81, "at": 1723667541.369146}
{"obj": {"type": "LogFloats", "path": ["monitoring", "0ef888ef", "cpu"], "values": [{"value": 9.0, "step": null, "ts": 1723667551.3717391}]}, "version": 82, "at": 1723667551.3757362}
{"obj": {"type": "LogFloats", "path": ["monitoring", "0ef888ef", "memory"], "values": [{"value": 19.14697265625, "step": null, "ts": 1723667551.3717391}]}, "version": 83, "at": 1723667551.376736}
{"obj": {"type": "LogFloats", "path": ["monitoring", "0ef888ef", "gpu_memory"], "values": [{"value": 5.872455596923828, "step": null, "ts": 1723667551.3717391}]}, "version": 84, "at": 1723667551.376736}
{"obj": {"type": "LogFloats", "path": ["monitoring", "0ef888ef", "cpu"], "values": [{"value": 21.6, "step": null, "ts": 1723667561.3825166}]}, "version": 85, "at": 1723667561.3874614}
{"obj": {"type": "LogFloats", "path": ["monitoring", "0ef888ef", "memory"], "values": [{"value": 18.190460205078125, "step": null, "ts": 1723667561.3825166}]}, "version": 86, "at": 1723667561.3874614}
{"obj": {"type": "LogFloats", "path": ["monitoring", "0ef888ef", "gpu_memory"], "values": [{"value": 5.872455596923828, "step": null, "ts": 1723667561.3825166}]}, "version": 87, "at": 1723667561.3874614}
{"obj": {"type": "LogFloats", "path": ["monitoring", "0ef888ef", "cpu"], "values": [{"value": 11.7, "step": null, "ts": 1723667571.399331}]}, "version": 88, "at": 1723667571.4043143}
{"obj": {"type": "LogFloats", "path": ["monitoring", "0ef888ef", "memory"], "values": [{"value": 18.29874038696289, "step": null, "ts": 1723667571.399331}]}, "version": 89, "at": 1723667571.4043143}
{"obj": {"type": "LogFloats", "path": ["monitoring", "0ef888ef", "gpu_memory"], "values": [{"value": 5.872455596923828, "step": null, "ts": 1723667571.399331}]}, "version": 90, "at": 1723667571.4043143}
{"obj": {"type": "LogFloats", "path": ["monitoring", "0ef888ef", "cpu"], "values": [{"value": 13.4, "step": null, "ts": 1723667581.4174082}]}, "version": 91, "at": 1723667581.4219182}
{"obj": {"type": "LogFloats", "path": ["monitoring", "0ef888ef", "memory"], "values": [{"value": 18.748821258544922, "step": null, "ts": 1723667581.4174082}]}, "version": 92, "at": 1723667581.4219182}
{"obj": {"type": "LogFloats", "path": ["monitoring", "0ef888ef", "gpu_memory"], "values": [{"value": 5.872455596923828, "step": null, "ts": 1723667581.4174082}]}, "version": 93, "at": 1723667581.4219182}
{"obj": {"type": "LogFloats", "path": ["monitoring", "0ef888ef", "cpu"], "values": [{"value": 34.1, "step": null, "ts": 1723667591.4253445}]}, "version": 94, "at": 1723667591.433456}
{"obj": {"type": "LogFloats", "path": ["monitoring", "0ef888ef", "memory"], "values": [{"value": 18.706642150878906, "step": null, "ts": 1723667591.4253445}]}, "version": 95, "at": 1723667591.4344547}
{"obj": {"type": "LogFloats", "path": ["monitoring", "0ef888ef", "gpu"], "values": [{"value": 8.0, "step": null, "ts": 1723667591.4253445}]}, "version": 96, "at": 1723667591.4344547}
{"obj": {"type": "LogFloats", "path": ["monitoring", "0ef888ef", "gpu_memory"], "values": [{"value": 5.872455596923828, "step": null, "ts": 1723667591.4253445}]}, "version": 97, "at": 1723667591.4344547}
{"obj": {"type": "LogFloats", "path": ["monitoring", "0ef888ef", "cpu"], "values": [{"value": 26.3, "step": null, "ts": 1723667601.4492521}]}, "version": 98, "at": 1723667601.4561653}
{"obj": {"type": "LogFloats", "path": ["monitoring", "0ef888ef", "memory"], "values": [{"value": 19.612102508544922, "step": null, "ts": 1723667601.4492521}]}, "version": 99, "at": 1723667601.4716136}
{"obj": {"type": "LogFloats", "path": ["monitoring", "0ef888ef", "gpu_memory"], "values": [{"value": 5.872455596923828, "step": null, "ts": 1723667601.4492521}]}, "version": 100, "at": 1723667601.4726133}
{"obj": {"type": "LogFloats", "path": ["monitoring", "0ef888ef", "cpu"], "values": [{"value": 11.0, "step": null, "ts": 1723667611.474448}]}, "version": 101, "at": 1723667611.4822161}
{"obj": {"type": "LogFloats", "path": ["monitoring", "0ef888ef", "memory"], "values": [{"value": 19.100666046142578, "step": null, "ts": 1723667611.474448}]}, "version": 102, "at": 1723667611.483259}
{"obj": {"type": "LogFloats", "path": ["monitoring", "0ef888ef", "gpu_memory"], "values": [{"value": 5.872455596923828, "step": null, "ts": 1723667611.474448}]}, "version": 103, "at": 1723667611.483259}
{"obj": {"type": "LogFloats", "path": ["monitoring", "0ef888ef", "cpu"], "values": [{"value": 12.3, "step": null, "ts": 1723667621.4904225}]}, "version": 104, "at": 1723667621.4963627}
{"obj": {"type": "LogFloats", "path": ["monitoring", "0ef888ef", "memory"], "values": [{"value": 18.632694244384766, "step": null, "ts": 1723667621.4904225}]}, "version": 105, "at": 1723667621.4963627}
{"obj": {"type": "LogFloats", "path": ["monitoring", "0ef888ef", "gpu_memory"], "values": [{"value": 5.872455596923828, "step": null, "ts": 1723667621.4904225}]}, "version": 106, "at": 1723667621.4963627}
{"obj": {"type": "LogFloats", "path": ["monitoring", "0ef888ef", "cpu"], "values": [{"value": 32.3, "step": null, "ts": 1723667631.5020883}]}, "version": 107, "at": 1723667631.5060797}
{"obj": {"type": "LogFloats", "path": ["monitoring", "0ef888ef", "memory"], "values": [{"value": 18.780807495117188, "step": null, "ts": 1723667631.5020883}]}, "version": 108, "at": 1723667631.5060797}
{"obj": {"type": "LogFloats", "path": ["monitoring", "0ef888ef", "gpu_memory"], "values": [{"value": 5.872455596923828, "step": null, "ts": 1723667631.5020883}]}, "version": 109, "at": 1723667631.5060797}
{"obj": {"type": "LogFloats", "path": ["monitoring", "0ef888ef", "cpu"], "values": [{"value": 11.5, "step": null, "ts": 1723667641.520194}]}, "version": 110, "at": 1723667641.5247061}
{"obj": {"type": "LogFloats", "path": ["monitoring", "0ef888ef", "memory"], "values": [{"value": 18.211074829101562, "step": null, "ts": 1723667641.520194}]}, "version": 111, "at": 1723667641.5247061}
{"obj": {"type": "LogFloats", "path": ["monitoring", "0ef888ef", "gpu_memory"], "values": [{"value": 5.872455596923828, "step": null, "ts": 1723667641.520194}]}, "version": 112, "at": 1723667641.5247061}
{"obj": {"type": "LogFloats", "path": ["monitoring", "0ef888ef", "cpu"], "values": [{"value": 16.2, "step": null, "ts": 1723667651.5351455}]}, "version": 113, "at": 1723667651.5402513}
{"obj": {"type": "LogFloats", "path": ["monitoring", "0ef888ef", "memory"], "values": [{"value": 17.85062026977539, "step": null, "ts": 1723667651.5351455}]}, "version": 114, "at": 1723667651.5402513}
{"obj": {"type": "LogFloats", "path": ["monitoring", "0ef888ef", "gpu_memory"], "values": [{"value": 5.872455596923828, "step": null, "ts": 1723667651.5351455}]}, "version": 115, "at": 1723667651.5402513}
{"obj": {"type": "LogFloats", "path": ["monitoring", "0ef888ef", "cpu"], "values": [{"value": 15.1, "step": null, "ts": 1723667661.5425127}]}, "version": 116, "at": 1723667661.5482337}
{"obj": {"type": "LogFloats", "path": ["monitoring", "0ef888ef", "memory"], "values": [{"value": 17.645099639892578, "step": null, "ts": 1723667661.5425127}]}, "version": 117, "at": 1723667661.5482337}
{"obj": {"type": "LogFloats", "path": ["monitoring", "0ef888ef", "gpu_memory"], "values": [{"value": 5.872455596923828, "step": null, "ts": 1723667661.5425127}]}, "version": 118, "at": 1723667661.5482337}
{"obj": {"type": "LogFloats", "path": ["monitoring", "0ef888ef", "cpu"], "values": [{"value": 12.6, "step": null, "ts": 1723667671.5543418}]}, "version": 119, "at": 1723667671.561411}
{"obj": {"type": "LogFloats", "path": ["monitoring", "0ef888ef", "memory"], "values": [{"value": 17.676307678222656, "step": null, "ts": 1723667671.5543418}]}, "version": 120, "at": 1723667671.561411}
{"obj": {"type": "LogFloats", "path": ["monitoring", "0ef888ef", "gpu_memory"], "values": [{"value": 5.872455596923828, "step": null, "ts": 1723667671.5543418}]}, "version": 121, "at": 1723667671.561411}
{"obj": {"type": "LogFloats", "path": ["monitoring", "0ef888ef", "cpu"], "values": [{"value": 12.2, "step": null, "ts": 1723667681.584432}]}, "version": 122, "at": 1723667681.5906527}
{"obj": {"type": "LogFloats", "path": ["monitoring", "0ef888ef", "memory"], "values": [{"value": 17.693859100341797, "step": null, "ts": 1723667681.584432}]}, "version": 123, "at": 1723667681.5906527}
{"obj": {"type": "LogFloats", "path": ["monitoring", "0ef888ef", "gpu_memory"], "values": [{"value": 5.872455596923828, "step": null, "ts": 1723667681.584432}]}, "version": 124, "at": 1723667681.5906527}
{"obj": {"type": "LogFloats", "path": ["monitoring", "0ef888ef", "cpu"], "values": [{"value": 12.6, "step": null, "ts": 1723667691.5911274}]}, "version": 125, "at": 1723667691.597129}
{"obj": {"type": "LogFloats", "path": ["monitoring", "0ef888ef", "memory"], "values": [{"value": 17.68088150024414, "step": null, "ts": 1723667691.5911274}]}, "version": 126, "at": 1723667691.597129}
{"obj": {"type": "LogFloats", "path": ["monitoring", "0ef888ef", "gpu_memory"], "values": [{"value": 5.872455596923828, "step": null, "ts": 1723667691.5911274}]}, "version": 127, "at": 1723667691.597129}
{"obj": {"type": "LogFloats", "path": ["monitoring", "0ef888ef", "cpu"], "values": [{"value": 11.1, "step": null, "ts": 1723667701.6024508}]}, "version": 128, "at": 1723667701.6107824}
{"obj": {"type": "LogFloats", "path": ["monitoring", "0ef888ef", "memory"], "values": [{"value": 17.804370880126953, "step": null, "ts": 1723667701.6024508}]}, "version": 129, "at": 1723667701.6118016}
{"obj": {"type": "LogFloats", "path": ["monitoring", "0ef888ef", "gpu_memory"], "values": [{"value": 5.872455596923828, "step": null, "ts": 1723667701.6024508}]}, "version": 130, "at": 1723667701.6118016}
{"obj": {"type": "LogFloats", "path": ["monitoring", "0ef888ef", "cpu"], "values": [{"value": 13.5, "step": null, "ts": 1723667711.6222668}]}, "version": 131, "at": 1723667711.6298633}
{"obj": {"type": "LogFloats", "path": ["monitoring", "0ef888ef", "memory"], "values": [{"value": 17.902366638183594, "step": null, "ts": 1723667711.6222668}]}, "version": 132, "at": 1723667711.6298633}
{"obj": {"type": "LogFloats", "path": ["monitoring", "0ef888ef", "gpu_memory"], "values": [{"value": 5.872455596923828, "step": null, "ts": 1723667711.6222668}]}, "version": 133, "at": 1723667711.6298633}
{"obj": {"type": "LogFloats", "path": ["monitoring", "0ef888ef", "cpu"], "values": [{"value": 11.6, "step": null, "ts": 1723667721.6393652}]}, "version": 134, "at": 1723667721.6462479}
{"obj": {"type": "LogFloats", "path": ["monitoring", "0ef888ef", "memory"], "values": [{"value": 17.917903900146484, "step": null, "ts": 1723667721.6393652}]}, "version": 135, "at": 1723667721.6462479}
{"obj": {"type": "LogFloats", "path": ["monitoring", "0ef888ef", "gpu_memory"], "values": [{"value": 5.872455596923828, "step": null, "ts": 1723667721.6393652}]}, "version": 136, "at": 1723667721.6472507}
{"obj": {"type": "LogFloats", "path": ["monitoring", "0ef888ef", "cpu"], "values": [{"value": 11.4, "step": null, "ts": 1723667731.658069}]}, "version": 137, "at": 1723667731.6648877}
{"obj": {"type": "LogFloats", "path": ["monitoring", "0ef888ef", "memory"], "values": [{"value": 17.93795394897461, "step": null, "ts": 1723667731.658069}]}, "version": 138, "at": 1723667731.6648877}
{"obj": {"type": "LogFloats", "path": ["monitoring", "0ef888ef", "gpu_memory"], "values": [{"value": 5.872455596923828, "step": null, "ts": 1723667731.658069}]}, "version": 139, "at": 1723667731.665889}
{"obj": {"type": "LogFloats", "path": ["monitoring", "0ef888ef", "cpu"], "values": [{"value": 11.2, "step": null, "ts": 1723667741.680538}]}, "version": 140, "at": 1723667741.6856105}
{"obj": {"type": "LogFloats", "path": ["monitoring", "0ef888ef", "memory"], "values": [{"value": 17.911094665527344, "step": null, "ts": 1723667741.680538}]}, "version": 141, "at": 1723667741.686541}
{"obj": {"type": "LogFloats", "path": ["monitoring", "0ef888ef", "gpu_memory"], "values": [{"value": 5.872455596923828, "step": null, "ts": 1723667741.680538}]}, "version": 142, "at": 1723667741.686541}
{"obj": {"type": "LogFloats", "path": ["monitoring", "0ef888ef", "cpu"], "values": [{"value": 11.4, "step": null, "ts": 1723667751.7006025}]}, "version": 143, "at": 1723667751.705604}
{"obj": {"type": "LogFloats", "path": ["monitoring", "0ef888ef", "memory"], "values": [{"value": 17.911148071289062, "step": null, "ts": 1723667751.7006025}]}, "version": 144, "at": 1723667751.705604}
{"obj": {"type": "LogFloats", "path": ["monitoring", "0ef888ef", "gpu_memory"], "values": [{"value": 5.872455596923828, "step": null, "ts": 1723667751.7006025}]}, "version": 145, "at": 1723667751.705604}
{"obj": {"type": "LogFloats", "path": ["monitoring", "0ef888ef", "cpu"], "values": [{"value": 12.0, "step": null, "ts": 1723667761.7178798}]}, "version": 146, "at": 1723667761.723554}
{"obj": {"type": "LogFloats", "path": ["monitoring", "0ef888ef", "memory"], "values": [{"value": 17.92136001586914, "step": null, "ts": 1723667761.7178798}]}, "version": 147, "at": 1723667761.723554}
{"obj": {"type": "LogFloats", "path": ["monitoring", "0ef888ef", "gpu_memory"], "values": [{"value": 5.872455596923828, "step": null, "ts": 1723667761.7178798}]}, "version": 148, "at": 1723667761.723554}
{"obj": {"type": "LogFloats", "path": ["monitoring", "0ef888ef", "cpu"], "values": [{"value": 11.9, "step": null, "ts": 1723667771.7244792}]}, "version": 149, "at": 1723667771.734241}
{"obj": {"type": "LogFloats", "path": ["monitoring", "0ef888ef", "memory"], "values": [{"value": 17.83214569091797, "step": null, "ts": 1723667771.7244792}]}, "version": 150, "at": 1723667771.7352364}
{"obj": {"type": "LogFloats", "path": ["monitoring", "0ef888ef", "gpu_memory"], "values": [{"value": 5.872455596923828, "step": null, "ts": 1723667771.7244792}]}, "version": 151, "at": 1723667771.7352364}
{"obj": {"type": "LogFloats", "path": ["monitoring", "0ef888ef", "cpu"], "values": [{"value": 11.0, "step": null, "ts": 1723667781.7485063}]}, "version": 152, "at": 1723667781.754944}
{"obj": {"type": "LogFloats", "path": ["monitoring", "0ef888ef", "memory"], "values": [{"value": 17.839130401611328, "step": null, "ts": 1723667781.7485063}]}, "version": 153, "at": 1723667781.754944}
{"obj": {"type": "LogFloats", "path": ["monitoring", "0ef888ef", "gpu_memory"], "values": [{"value": 5.872455596923828, "step": null, "ts": 1723667781.7485063}]}, "version": 154, "at": 1723667781.754944}
{"obj": {"type": "LogFloats", "path": ["monitoring", "0ef888ef", "cpu"], "values": [{"value": 13.4, "step": null, "ts": 1723667791.7613113}]}, "version": 155, "at": 1723667791.769741}
{"obj": {"type": "LogFloats", "path": ["monitoring", "0ef888ef", "memory"], "values": [{"value": 17.864826202392578, "step": null, "ts": 1723667791.7613113}]}, "version": 156, "at": 1723667791.769741}
{"obj": {"type": "LogFloats", "path": ["monitoring", "0ef888ef", "gpu_memory"], "values": [{"value": 5.872455596923828, "step": null, "ts": 1723667791.7613113}]}, "version": 157, "at": 1723667791.7707539}
{"obj": {"type": "LogFloats", "path": ["monitoring", "0ef888ef", "cpu"], "values": [{"value": 11.7, "step": null, "ts": 1723667801.7709346}]}, "version": 158, "at": 1723667801.775928}
{"obj": {"type": "LogFloats", "path": ["monitoring", "0ef888ef", "memory"], "values": [{"value": 17.81887435913086, "step": null, "ts": 1723667801.7709346}]}, "version": 159, "at": 1723667801.775928}
{"obj": {"type": "LogFloats", "path": ["monitoring", "0ef888ef", "gpu_memory"], "values": [{"value": 5.872455596923828, "step": null, "ts": 1723667801.7709346}]}, "version": 160, "at": 1723667801.775928}
{"obj": {"type": "LogFloats", "path": ["monitoring", "0ef888ef", "cpu"], "values": [{"value": 16.2, "step": null, "ts": 1723667811.7764332}]}, "version": 161, "at": 1723667811.781931}
{"obj": {"type": "LogFloats", "path": ["monitoring", "0ef888ef", "memory"], "values": [{"value": 18.10317611694336, "step": null, "ts": 1723667811.7764332}]}, "version": 162, "at": 1723667811.782931}
{"obj": {"type": "LogFloats", "path": ["monitoring", "0ef888ef", "gpu_memory"], "values": [{"value": 5.872455596923828, "step": null, "ts": 1723667811.7764332}]}, "version": 163, "at": 1723667811.782931}
{"obj": {"type": "LogFloats", "path": ["monitoring", "0ef888ef", "cpu"], "values": [{"value": 13.4, "step": null, "ts": 1723667821.7904167}]}, "version": 164, "at": 1723667821.8252714}
{"obj": {"type": "LogFloats", "path": ["monitoring", "0ef888ef", "memory"], "values": [{"value": 18.371192932128906, "step": null, "ts": 1723667821.7904167}]}, "version": 165, "at": 1723667821.826161}
{"obj": {"type": "LogFloats", "path": ["monitoring", "0ef888ef", "gpu_memory"], "values": [{"value": 5.872455596923828, "step": null, "ts": 1723667821.7904167}]}, "version": 166, "at": 1723667821.826161}
{"obj": {"type": "LogFloats", "path": ["monitoring", "0ef888ef", "cpu"], "values": [{"value": 14.5, "step": null, "ts": 1723667831.8346572}]}, "version": 167, "at": 1723667831.8386538}
{"obj": {"type": "LogFloats", "path": ["monitoring", "0ef888ef", "memory"], "values": [{"value": 18.362590789794922, "step": null, "ts": 1723667831.8346572}]}, "version": 168, "at": 1723667831.8386538}
{"obj": {"type": "LogFloats", "path": ["monitoring", "0ef888ef", "gpu_memory"], "values": [{"value": 5.872455596923828, "step": null, "ts": 1723667831.8346572}]}, "version": 169, "at": 1723667831.8386538}
{"obj": {"type": "LogFloats", "path": ["monitoring", "0ef888ef", "cpu"], "values": [{"value": 12.2, "step": null, "ts": 1723667841.8485394}]}, "version": 170, "at": 1723667841.8553834}
{"obj": {"type": "LogFloats", "path": ["monitoring", "0ef888ef", "memory"], "values": [{"value": 18.338134765625, "step": null, "ts": 1723667841.8485394}]}, "version": 171, "at": 1723667841.8561268}
{"obj": {"type": "LogFloats", "path": ["monitoring", "0ef888ef", "gpu_memory"], "values": [{"value": 5.872455596923828, "step": null, "ts": 1723667841.8485394}]}, "version": 172, "at": 1723667841.8561268}
{"obj": {"type": "LogFloats", "path": ["monitoring", "0ef888ef", "cpu"], "values": [{"value": 12.7, "step": null, "ts": 1723667851.867534}]}, "version": 173, "at": 1723667851.8760617}
{"obj": {"type": "LogFloats", "path": ["monitoring", "0ef888ef", "memory"], "values": [{"value": 18.339550018310547, "step": null, "ts": 1723667851.867534}]}, "version": 174, "at": 1723667851.8770604}
{"obj": {"type": "LogFloats", "path": ["monitoring", "0ef888ef", "gpu_memory"], "values": [{"value": 5.872455596923828, "step": null, "ts": 1723667851.867534}]}, "version": 175, "at": 1723667851.8770604}
{"obj": {"type": "LogFloats", "path": ["monitoring", "0ef888ef", "cpu"], "values": [{"value": 14.3, "step": null, "ts": 1723667861.883326}]}, "version": 176, "at": 1723667861.8895528}
{"obj": {"type": "LogFloats", "path": ["monitoring", "0ef888ef", "memory"], "values": [{"value": 18.211742401123047, "step": null, "ts": 1723667861.883326}]}, "version": 177, "at": 1723667861.8905594}
{"obj": {"type": "LogFloats", "path": ["monitoring", "0ef888ef", "gpu_memory"], "values": [{"value": 5.872455596923828, "step": null, "ts": 1723667861.883326}]}, "version": 178, "at": 1723667861.8905594}
{"obj": {"type": "LogFloats", "path": ["monitoring", "0ef888ef", "cpu"], "values": [{"value": 17.5, "step": null, "ts": 1723667871.8963597}]}, "version": 179, "at": 1723667871.900361}
{"obj": {"type": "LogFloats", "path": ["monitoring", "0ef888ef", "memory"], "values": [{"value": 18.09827423095703, "step": null, "ts": 1723667871.8963597}]}, "version": 180, "at": 1723667871.9013522}
{"obj": {"type": "LogFloats", "path": ["monitoring", "0ef888ef", "gpu_memory"], "values": [{"value": 5.872455596923828, "step": null, "ts": 1723667871.8963597}]}, "version": 181, "at": 1723667871.9013522}
{"obj": {"type": "LogFloats", "path": ["monitoring", "0ef888ef", "cpu"], "values": [{"value": 15.1, "step": null, "ts": 1723667881.9090023}]}, "version": 182, "at": 1723667881.9356282}
{"obj": {"type": "LogFloats", "path": ["monitoring", "0ef888ef", "memory"], "values": [{"value": 18.080734252929688, "step": null, "ts": 1723667881.9090023}]}, "version": 183, "at": 1723667881.9356282}
{"obj": {"type": "LogFloats", "path": ["monitoring", "0ef888ef", "gpu_memory"], "values": [{"value": 5.872455596923828, "step": null, "ts": 1723667881.9090023}]}, "version": 184, "at": 1723667881.9356282}
{"obj": {"type": "LogFloats", "path": ["monitoring", "0ef888ef", "cpu"], "values": [{"value": 14.0, "step": null, "ts": 1723667891.9443352}]}, "version": 185, "at": 1723667891.9503295}
{"obj": {"type": "LogFloats", "path": ["monitoring", "0ef888ef", "memory"], "values": [{"value": 18.224178314208984, "step": null, "ts": 1723667891.9443352}]}, "version": 186, "at": 1723667891.9503295}
{"obj": {"type": "LogFloats", "path": ["monitoring", "0ef888ef", "gpu_memory"], "values": [{"value": 5.872455596923828, "step": null, "ts": 1723667891.9443352}]}, "version": 187, "at": 1723667891.9503295}
{"obj": {"type": "LogFloats", "path": ["monitoring", "0ef888ef", "cpu"], "values": [{"value": 11.6, "step": null, "ts": 1723667901.9533062}]}, "version": 188, "at": 1723667901.9602795}
{"obj": {"type": "LogFloats", "path": ["monitoring", "0ef888ef", "memory"], "values": [{"value": 18.196346282958984, "step": null, "ts": 1723667901.9533062}]}, "version": 189, "at": 1723667901.9602795}
{"obj": {"type": "LogFloats", "path": ["monitoring", "0ef888ef", "gpu_memory"], "values": [{"value": 5.872455596923828, "step": null, "ts": 1723667901.9533062}]}, "version": 190, "at": 1723667901.9602795}
{"obj": {"type": "LogFloats", "path": ["monitoring", "0ef888ef", "cpu"], "values": [{"value": 12.5, "step": null, "ts": 1723667911.9660804}]}, "version": 191, "at": 1723667911.9746103}
{"obj": {"type": "LogFloats", "path": ["monitoring", "0ef888ef", "memory"], "values": [{"value": 18.213565826416016, "step": null, "ts": 1723667911.9660804}]}, "version": 192, "at": 1723667911.9746103}
{"obj": {"type": "LogFloats", "path": ["monitoring", "0ef888ef", "gpu_memory"], "values": [{"value": 5.872455596923828, "step": null, "ts": 1723667911.9660804}]}, "version": 193, "at": 1723667911.9746103}
{"obj": {"type": "LogFloats", "path": ["monitoring", "0ef888ef", "cpu"], "values": [{"value": 11.6, "step": null, "ts": 1723667921.9811656}]}, "version": 194, "at": 1723667921.9853928}
{"obj": {"type": "LogFloats", "path": ["monitoring", "0ef888ef", "memory"], "values": [{"value": 18.087749481201172, "step": null, "ts": 1723667921.9811656}]}, "version": 195, "at": 1723667921.9863915}
{"obj": {"type": "LogFloats", "path": ["monitoring", "0ef888ef", "gpu_memory"], "values": [{"value": 5.872455596923828, "step": null, "ts": 1723667921.9811656}]}, "version": 196, "at": 1723667921.9863915}
{"obj": {"type": "LogFloats", "path": ["monitoring", "0ef888ef", "cpu"], "values": [{"value": 13.6, "step": null, "ts": 1723667931.9872556}]}, "version": 197, "at": 1723667931.9963827}
{"obj": {"type": "LogFloats", "path": ["monitoring", "0ef888ef", "memory"], "values": [{"value": 18.152740478515625, "step": null, "ts": 1723667931.9872556}]}, "version": 198, "at": 1723667931.9963827}
{"obj": {"type": "LogFloats", "path": ["monitoring", "0ef888ef", "gpu_memory"], "values": [{"value": 5.872455596923828, "step": null, "ts": 1723667931.9872556}]}, "version": 199, "at": 1723667931.9963827}
{"obj": {"type": "LogFloats", "path": ["monitoring", "0ef888ef", "cpu"], "values": [{"value": 13.8, "step": null, "ts": 1723667942.0112786}]}, "version": 200, "at": 1723667942.0168073}
{"obj": {"type": "LogFloats", "path": ["monitoring", "0ef888ef", "memory"], "values": [{"value": 18.131107330322266, "step": null, "ts": 1723667942.0112786}]}, "version": 201, "at": 1723667942.0168073}
{"obj": {"type": "LogFloats", "path": ["monitoring", "0ef888ef", "gpu_memory"], "values": [{"value": 5.872455596923828, "step": null, "ts": 1723667942.0112786}]}, "version": 202, "at": 1723667942.0168073}
{"obj": {"type": "LogFloats", "path": ["monitoring", "0ef888ef", "cpu"], "values": [{"value": 11.9, "step": null, "ts": 1723667952.0304465}]}, "version": 203, "at": 1723667952.0344634}
{"obj": {"type": "LogFloats", "path": ["monitoring", "0ef888ef", "memory"], "values": [{"value": 18.08670425415039, "step": null, "ts": 1723667952.0304465}]}, "version": 204, "at": 1723667952.0354645}
{"obj": {"type": "LogFloats", "path": ["monitoring", "0ef888ef", "gpu_memory"], "values": [{"value": 5.872455596923828, "step": null, "ts": 1723667952.0304465}]}, "version": 205, "at": 1723667952.0354645}
{"obj": {"type": "LogFloats", "path": ["monitoring", "0ef888ef", "cpu"], "values": [{"value": 12.1, "step": null, "ts": 1723667962.049066}]}, "version": 206, "at": 1723667962.0555887}
{"obj": {"type": "LogFloats", "path": ["monitoring", "0ef888ef", "memory"], "values": [{"value": 18.02374267578125, "step": null, "ts": 1723667962.049066}]}, "version": 207, "at": 1723667962.0555887}
{"obj": {"type": "LogFloats", "path": ["monitoring", "0ef888ef", "gpu_memory"], "values": [{"value": 5.872455596923828, "step": null, "ts": 1723667962.049066}]}, "version": 208, "at": 1723667962.0555887}
{"obj": {"type": "LogFloats", "path": ["monitoring", "0ef888ef", "cpu"], "values": [{"value": 13.4, "step": null, "ts": 1723667972.0603085}]}, "version": 209, "at": 1723667972.0648553}
{"obj": {"type": "LogFloats", "path": ["monitoring", "0ef888ef", "memory"], "values": [{"value": 18.082862854003906, "step": null, "ts": 1723667972.0603085}]}, "version": 210, "at": 1723667972.0648553}
{"obj": {"type": "LogFloats", "path": ["monitoring", "0ef888ef", "gpu_memory"], "values": [{"value": 5.872455596923828, "step": null, "ts": 1723667972.0603085}]}, "version": 211, "at": 1723667972.0648553}
{"obj": {"type": "LogFloats", "path": ["monitoring", "0ef888ef", "cpu"], "values": [{"value": 11.0, "step": null, "ts": 1723667982.0680907}]}, "version": 212, "at": 1723667982.0726614}
{"obj": {"type": "LogFloats", "path": ["monitoring", "0ef888ef", "memory"], "values": [{"value": 18.09844207763672, "step": null, "ts": 1723667982.0680907}]}, "version": 213, "at": 1723667982.0726614}
{"obj": {"type": "LogFloats", "path": ["monitoring", "0ef888ef", "gpu_memory"], "values": [{"value": 5.872455596923828, "step": null, "ts": 1723667982.0680907}]}, "version": 214, "at": 1723667982.073746}
{"obj": {"type": "LogFloats", "path": ["monitoring", "0ef888ef", "cpu"], "values": [{"value": 13.5, "step": null, "ts": 1723667992.0873058}]}, "version": 215, "at": 1723667992.0928197}
{"obj": {"type": "LogFloats", "path": ["monitoring", "0ef888ef", "memory"], "values": [{"value": 18.15070343017578, "step": null, "ts": 1723667992.0873058}]}, "version": 216, "at": 1723667992.0928197}
{"obj": {"type": "LogFloats", "path": ["monitoring", "0ef888ef", "gpu_memory"], "values": [{"value": 5.872455596923828, "step": null, "ts": 1723667992.0873058}]}, "version": 217, "at": 1723667992.0928197}
{"obj": {"type": "LogFloats", "path": ["monitoring", "0ef888ef", "cpu"], "values": [{"value": 12.1, "step": null, "ts": 1723668002.0948422}]}, "version": 218, "at": 1723668002.0998354}
{"obj": {"type": "LogFloats", "path": ["monitoring", "0ef888ef", "memory"], "values": [{"value": 18.074050903320312, "step": null, "ts": 1723668002.0948422}]}, "version": 219, "at": 1723668002.0998354}
{"obj": {"type": "LogFloats", "path": ["monitoring", "0ef888ef", "gpu_memory"], "values": [{"value": 5.872455596923828, "step": null, "ts": 1723668002.0948422}]}, "version": 220, "at": 1723668002.0998354}
{"obj": {"type": "LogFloats", "path": ["monitoring", "0ef888ef", "cpu"], "values": [{"value": 13.1, "step": null, "ts": 1723668012.1042154}]}, "version": 221, "at": 1723668012.1083505}
{"obj": {"type": "LogFloats", "path": ["monitoring", "0ef888ef", "memory"], "values": [{"value": 18.055465698242188, "step": null, "ts": 1723668012.1042154}]}, "version": 222, "at": 1723668012.1083505}
{"obj": {"type": "LogFloats", "path": ["monitoring", "0ef888ef", "gpu_memory"], "values": [{"value": 5.872455596923828, "step": null, "ts": 1723668012.1042154}]}, "version": 223, "at": 1723668012.1083505}
{"obj": {"type": "LogFloats", "path": ["monitoring", "0ef888ef", "cpu"], "values": [{"value": 10.9, "step": null, "ts": 1723668022.1147523}]}, "version": 224, "at": 1723668022.1213286}
{"obj": {"type": "LogFloats", "path": ["monitoring", "0ef888ef", "memory"], "values": [{"value": 18.11505889892578, "step": null, "ts": 1723668022.1147523}]}, "version": 225, "at": 1723668022.1214972}
{"obj": {"type": "LogFloats", "path": ["monitoring", "0ef888ef", "gpu_memory"], "values": [{"value": 5.872455596923828, "step": null, "ts": 1723668022.1147523}]}, "version": 226, "at": 1723668022.1214972}
{"obj": {"type": "LogFloats", "path": ["monitoring", "0ef888ef", "cpu"], "values": [{"value": 12.0, "step": null, "ts": 1723668032.129201}]}, "version": 227, "at": 1723668032.1357117}
{"obj": {"type": "LogFloats", "path": ["monitoring", "0ef888ef", "memory"], "values": [{"value": 18.197376251220703, "step": null, "ts": 1723668032.129201}]}, "version": 228, "at": 1723668032.1357117}
{"obj": {"type": "LogFloats", "path": ["monitoring", "0ef888ef", "gpu_memory"], "values": [{"value": 5.872455596923828, "step": null, "ts": 1723668032.129201}]}, "version": 229, "at": 1723668032.1357117}
{"obj": {"type": "LogFloats", "path": ["monitoring", "0ef888ef", "cpu"], "values": [{"value": 12.9, "step": null, "ts": 1723668042.1493957}]}, "version": 230, "at": 1723668042.1560822}
{"obj": {"type": "LogFloats", "path": ["monitoring", "0ef888ef", "memory"], "values": [{"value": 18.10281753540039, "step": null, "ts": 1723668042.1493957}]}, "version": 231, "at": 1723668042.1560822}
{"obj": {"type": "LogFloats", "path": ["monitoring", "0ef888ef", "gpu_memory"], "values": [{"value": 5.872455596923828, "step": null, "ts": 1723668042.1493957}]}, "version": 232, "at": 1723668042.1560822}
{"obj": {"type": "LogFloats", "path": ["monitoring", "0ef888ef", "cpu"], "values": [{"value": 13.0, "step": null, "ts": 1723668052.1569989}]}, "version": 233, "at": 1723668052.163638}
{"obj": {"type": "LogFloats", "path": ["monitoring", "0ef888ef", "memory"], "values": [{"value": 18.067882537841797, "step": null, "ts": 1723668052.1569989}]}, "version": 234, "at": 1723668052.163638}
{"obj": {"type": "LogFloats", "path": ["monitoring", "0ef888ef", "gpu_memory"], "values": [{"value": 5.872455596923828, "step": null, "ts": 1723668052.1569989}]}, "version": 235, "at": 1723668052.163638}
{"obj": {"type": "LogFloats", "path": ["monitoring", "0ef888ef", "cpu"], "values": [{"value": 14.9, "step": null, "ts": 1723668062.1734633}]}, "version": 236, "at": 1723668062.1784704}
{"obj": {"type": "LogFloats", "path": ["monitoring", "0ef888ef", "memory"], "values": [{"value": 18.19029998779297, "step": null, "ts": 1723668062.1734633}]}, "version": 237, "at": 1723668062.1784704}
{"obj": {"type": "LogFloats", "path": ["monitoring", "0ef888ef", "gpu_memory"], "values": [{"value": 5.872455596923828, "step": null, "ts": 1723668062.1734633}]}, "version": 238, "at": 1723668062.1784704}
{"obj": {"type": "LogFloats", "path": ["monitoring", "0ef888ef", "cpu"], "values": [{"value": 11.9, "step": null, "ts": 1723668072.192645}]}, "version": 239, "at": 1723668072.1976588}
{"obj": {"type": "LogFloats", "path": ["monitoring", "0ef888ef", "memory"], "values": [{"value": 18.007328033447266, "step": null, "ts": 1723668072.192645}]}, "version": 240, "at": 1723668072.1976588}
{"obj": {"type": "LogFloats", "path": ["monitoring", "0ef888ef", "gpu_memory"], "values": [{"value": 5.872455596923828, "step": null, "ts": 1723668072.192645}]}, "version": 241, "at": 1723668072.1976588}
{"obj": {"type": "LogFloats", "path": ["monitoring", "0ef888ef", "cpu"], "values": [{"value": 13.7, "step": null, "ts": 1723668082.2050507}]}, "version": 242, "at": 1723668082.2100484}
{"obj": {"type": "LogFloats", "path": ["monitoring", "0ef888ef", "memory"], "values": [{"value": 17.971202850341797, "step": null, "ts": 1723668082.2050507}]}, "version": 243, "at": 1723668082.2100484}
{"obj": {"type": "LogFloats", "path": ["monitoring", "0ef888ef", "gpu_memory"], "values": [{"value": 5.872455596923828, "step": null, "ts": 1723668082.2050507}]}, "version": 244, "at": 1723668082.2100484}
{"obj": {"type": "LogFloats", "path": ["monitoring", "0ef888ef", "cpu"], "values": [{"value": 16.3, "step": null, "ts": 1723668092.225188}]}, "version": 245, "at": 1723668092.2302313}
{"obj": {"type": "LogFloats", "path": ["monitoring", "0ef888ef", "memory"], "values": [{"value": 18.072711944580078, "step": null, "ts": 1723668092.225188}]}, "version": 246, "at": 1723668092.2302313}
{"obj": {"type": "LogFloats", "path": ["monitoring", "0ef888ef", "gpu_memory"], "values": [{"value": 5.872455596923828, "step": null, "ts": 1723668092.225188}]}, "version": 247, "at": 1723668092.2302313}
{"obj": {"type": "LogFloats", "path": ["monitoring", "0ef888ef", "cpu"], "values": [{"value": 12.8, "step": null, "ts": 1723668102.2357128}]}, "version": 248, "at": 1723668102.2415652}
{"obj": {"type": "LogFloats", "path": ["monitoring", "0ef888ef", "memory"], "values": [{"value": 18.23404312133789, "step": null, "ts": 1723668102.2357128}]}, "version": 249, "at": 1723668102.2415652}
{"obj": {"type": "LogFloats", "path": ["monitoring", "0ef888ef", "gpu_memory"], "values": [{"value": 5.872455596923828, "step": null, "ts": 1723668102.2357128}]}, "version": 250, "at": 1723668102.2415652}
{"obj": {"type": "LogFloats", "path": ["monitoring", "0ef888ef", "cpu"], "values": [{"value": 14.5, "step": null, "ts": 1723668112.2543006}]}, "version": 251, "at": 1723668112.2603066}
{"obj": {"type": "LogFloats", "path": ["monitoring", "0ef888ef", "memory"], "values": [{"value": 18.25920867919922, "step": null, "ts": 1723668112.2543006}]}, "version": 252, "at": 1723668112.2603066}
{"obj": {"type": "LogFloats", "path": ["monitoring", "0ef888ef", "gpu_memory"], "values": [{"value": 5.872455596923828, "step": null, "ts": 1723668112.2543006}]}, "version": 253, "at": 1723668112.2603066}
{"obj": {"type": "LogFloats", "path": ["monitoring", "0ef888ef", "cpu"], "values": [{"value": 14.2, "step": null, "ts": 1723668122.2652571}]}, "version": 254, "at": 1723668122.2707088}
{"obj": {"type": "LogFloats", "path": ["monitoring", "0ef888ef", "memory"], "values": [{"value": 18.243648529052734, "step": null, "ts": 1723668122.2652571}]}, "version": 255, "at": 1723668122.2707088}
{"obj": {"type": "LogFloats", "path": ["monitoring", "0ef888ef", "gpu_memory"], "values": [{"value": 5.872455596923828, "step": null, "ts": 1723668122.2652571}]}, "version": 256, "at": 1723668122.2707088}
{"obj": {"type": "LogFloats", "path": ["monitoring", "0ef888ef", "cpu"], "values": [{"value": 13.9, "step": null, "ts": 1723668132.2840078}]}, "version": 257, "at": 1723668132.2890851}
{"obj": {"type": "LogFloats", "path": ["monitoring", "0ef888ef", "memory"], "values": [{"value": 18.178478240966797, "step": null, "ts": 1723668132.2840078}]}, "version": 258, "at": 1723668132.2890851}
{"obj": {"type": "LogFloats", "path": ["monitoring", "0ef888ef", "gpu_memory"], "values": [{"value": 5.872455596923828, "step": null, "ts": 1723668132.2840078}]}, "version": 259, "at": 1723668132.2890851}
{"obj": {"type": "LogFloats", "path": ["monitoring", "0ef888ef", "cpu"], "values": [{"value": 10.8, "step": null, "ts": 1723668142.2958367}]}, "version": 260, "at": 1723668142.2999203}
{"obj": {"type": "LogFloats", "path": ["monitoring", "0ef888ef", "memory"], "values": [{"value": 18.11016082763672, "step": null, "ts": 1723668142.2958367}]}, "version": 261, "at": 1723668142.2999203}
{"obj": {"type": "LogFloats", "path": ["monitoring", "0ef888ef", "gpu_memory"], "values": [{"value": 5.872455596923828, "step": null, "ts": 1723668142.2958367}]}, "version": 262, "at": 1723668142.2999203}
{"obj": {"type": "LogFloats", "path": ["monitoring", "0ef888ef", "cpu"], "values": [{"value": 13.2, "step": null, "ts": 1723668152.311328}]}, "version": 263, "at": 1723668152.3188436}
{"obj": {"type": "LogFloats", "path": ["monitoring", "0ef888ef", "memory"], "values": [{"value": 18.083030700683594, "step": null, "ts": 1723668152.311328}]}, "version": 264, "at": 1723668152.3188436}
{"obj": {"type": "LogFloats", "path": ["monitoring", "0ef888ef", "gpu_memory"], "values": [{"value": 5.872455596923828, "step": null, "ts": 1723668152.311328}]}, "version": 265, "at": 1723668152.3188436}
{"obj": {"type": "LogFloats", "path": ["monitoring", "0ef888ef", "cpu"], "values": [{"value": 24.9, "step": null, "ts": 1723668162.3262744}]}, "version": 266, "at": 1723668162.330284}
{"obj": {"type": "LogFloats", "path": ["monitoring", "0ef888ef", "memory"], "values": [{"value": 19.70526885986328, "step": null, "ts": 1723668162.3262744}]}, "version": 267, "at": 1723668162.330284}
{"obj": {"type": "LogFloats", "path": ["monitoring", "0ef888ef", "gpu_memory"], "values": [{"value": 5.872455596923828, "step": null, "ts": 1723668162.3262744}]}, "version": 268, "at": 1723668162.330284}
{"obj": {"type": "LogFloats", "path": ["monitoring", "0ef888ef", "cpu"], "values": [{"value": 18.8, "step": null, "ts": 1723668172.342137}]}, "version": 269, "at": 1723668172.3466606}
{"obj": {"type": "LogFloats", "path": ["monitoring", "0ef888ef", "memory"], "values": [{"value": 18.72022247314453, "step": null, "ts": 1723668172.342137}]}, "version": 270, "at": 1723668172.3466606}
{"obj": {"type": "LogFloats", "path": ["monitoring", "0ef888ef", "gpu_memory"], "values": [{"value": 5.872455596923828, "step": null, "ts": 1723668172.342137}]}, "version": 271, "at": 1723668172.3466606}
{"obj": {"type": "LogFloats", "path": ["monitoring", "0ef888ef", "cpu"], "values": [{"value": 10.1, "step": null, "ts": 1723668182.357193}]}, "version": 272, "at": 1723668182.3615878}
{"obj": {"type": "LogFloats", "path": ["monitoring", "0ef888ef", "memory"], "values": [{"value": 19.19070816040039, "step": null, "ts": 1723668182.357193}]}, "version": 273, "at": 1723668182.3615878}
{"obj": {"type": "LogFloats", "path": ["monitoring", "0ef888ef", "gpu_memory"], "values": [{"value": 5.872455596923828, "step": null, "ts": 1723668182.357193}]}, "version": 274, "at": 1723668182.3615878}
{"obj": {"type": "LogFloats", "path": ["monitoring", "0ef888ef", "cpu"], "values": [{"value": 49.9, "step": null, "ts": 1723668192.375395}]}, "version": 275, "at": 1723668192.3864498}
{"obj": {"type": "LogFloats", "path": ["monitoring", "0ef888ef", "memory"], "values": [{"value": 19.712417602539062, "step": null, "ts": 1723668192.375395}]}, "version": 276, "at": 1723668192.3874495}
{"obj": {"type": "LogFloats", "path": ["monitoring", "0ef888ef", "gpu_memory"], "values": [{"value": 5.872455596923828, "step": null, "ts": 1723668192.375395}]}, "version": 277, "at": 1723668192.3874495}
{"obj": {"type": "LogFloats", "path": ["monitoring", "0ef888ef", "cpu"], "values": [{"value": 54.8, "step": null, "ts": 1723668202.4020987}]}, "version": 278, "at": 1723668202.406963}
{"obj": {"type": "LogFloats", "path": ["monitoring", "0ef888ef", "memory"], "values": [{"value": 18.698684692382812, "step": null, "ts": 1723668202.4020987}]}, "version": 279, "at": 1723668202.406963}
{"obj": {"type": "LogFloats", "path": ["monitoring", "0ef888ef", "gpu_memory"], "values": [{"value": 5.872455596923828, "step": null, "ts": 1723668202.4020987}]}, "version": 280, "at": 1723668202.406963}
{"obj": {"type": "LogFloats", "path": ["monitoring", "0ef888ef", "cpu"], "values": [{"value": 62.7, "step": null, "ts": 1723668212.4191859}]}, "version": 281, "at": 1723668212.4241862}
{"obj": {"type": "LogFloats", "path": ["monitoring", "0ef888ef", "memory"], "values": [{"value": 19.504459381103516, "step": null, "ts": 1723668212.4191859}]}, "version": 282, "at": 1723668212.4241862}
{"obj": {"type": "LogFloats", "path": ["monitoring", "0ef888ef", "gpu_memory"], "values": [{"value": 5.872455596923828, "step": null, "ts": 1723668212.4191859}]}, "version": 283, "at": 1723668212.4241862}
{"obj": {"type": "LogFloats", "path": ["monitoring", "0ef888ef", "cpu"], "values": [{"value": 51.7, "step": null, "ts": 1723668222.4272735}]}, "version": 284, "at": 1723668222.432278}
{"obj": {"type": "LogFloats", "path": ["monitoring", "0ef888ef", "memory"], "values": [{"value": 19.155818939208984, "step": null, "ts": 1723668222.4272735}]}, "version": 285, "at": 1723668222.4332793}
{"obj": {"type": "LogFloats", "path": ["monitoring", "0ef888ef", "gpu_memory"], "values": [{"value": 5.872455596923828, "step": null, "ts": 1723668222.4272735}]}, "version": 286, "at": 1723668222.4332793}
{"obj": {"type": "LogFloats", "path": ["monitoring", "0ef888ef", "cpu"], "values": [{"value": 58.1, "step": null, "ts": 1723668232.447358}]}, "version": 287, "at": 1723668232.452366}
{"obj": {"type": "LogFloats", "path": ["monitoring", "0ef888ef", "memory"], "values": [{"value": 19.064682006835938, "step": null, "ts": 1723668232.447358}]}, "version": 288, "at": 1723668232.452366}
{"obj": {"type": "LogFloats", "path": ["monitoring", "0ef888ef", "gpu_memory"], "values": [{"value": 5.872455596923828, "step": null, "ts": 1723668232.447358}]}, "version": 289, "at": 1723668232.452366}
{"obj": {"type": "LogFloats", "path": ["monitoring", "0ef888ef", "cpu"], "values": [{"value": 43.4, "step": null, "ts": 1723668242.4553647}]}, "version": 290, "at": 1723668242.460295}
{"obj": {"type": "LogFloats", "path": ["monitoring", "0ef888ef", "memory"], "values": [{"value": 19.713165283203125, "step": null, "ts": 1723668242.4553647}]}, "version": 291, "at": 1723668242.4612951}
{"obj": {"type": "LogFloats", "path": ["monitoring", "0ef888ef", "gpu_memory"], "values": [{"value": 5.872455596923828, "step": null, "ts": 1723668242.4553647}]}, "version": 292, "at": 1723668242.4612951}
{"obj": {"type": "LogFloats", "path": ["monitoring", "0ef888ef", "cpu"], "values": [{"value": 13.9, "step": null, "ts": 1723668252.4733517}]}, "version": 293, "at": 1723668252.477872}
{"obj": {"type": "LogFloats", "path": ["monitoring", "0ef888ef", "memory"], "values": [{"value": 18.921615600585938, "step": null, "ts": 1723668252.4733517}]}, "version": 294, "at": 1723668252.4788713}
{"obj": {"type": "LogFloats", "path": ["monitoring", "0ef888ef", "gpu_memory"], "values": [{"value": 5.872455596923828, "step": null, "ts": 1723668252.4733517}]}, "version": 295, "at": 1723668252.4788713}
{"obj": {"type": "LogFloats", "path": ["monitoring", "0ef888ef", "cpu"], "values": [{"value": 35.2, "step": null, "ts": 1723668262.4792466}]}, "version": 296, "at": 1723668262.4837768}
{"obj": {"type": "LogFloats", "path": ["monitoring", "0ef888ef", "memory"], "values": [{"value": 19.510028839111328, "step": null, "ts": 1723668262.4792466}]}, "version": 297, "at": 1723668262.4837768}
{"obj": {"type": "LogFloats", "path": ["monitoring", "0ef888ef", "gpu_memory"], "values": [{"value": 5.872455596923828, "step": null, "ts": 1723668262.4792466}]}, "version": 298, "at": 1723668262.484756}
{"obj": {"type": "LogFloats", "path": ["monitoring", "0ef888ef", "cpu"], "values": [{"value": 42.1, "step": null, "ts": 1723668272.48962}]}, "version": 299, "at": 1723668272.4931355}
{"obj": {"type": "LogFloats", "path": ["monitoring", "0ef888ef", "memory"], "values": [{"value": 19.244354248046875, "step": null, "ts": 1723668272.48962}]}, "version": 300, "at": 1723668272.4941306}
{"obj": {"type": "LogFloats", "path": ["monitoring", "0ef888ef", "gpu_memory"], "values": [{"value": 5.872455596923828, "step": null, "ts": 1723668272.48962}]}, "version": 301, "at": 1723668272.4941306}
{"obj": {"type": "LogFloats", "path": ["monitoring", "0ef888ef", "cpu"], "values": [{"value": 55.7, "step": null, "ts": 1723668282.5063028}]}, "version": 302, "at": 1723668282.5123627}
{"obj": {"type": "LogFloats", "path": ["monitoring", "0ef888ef", "memory"], "values": [{"value": 19.082706451416016, "step": null, "ts": 1723668282.5063028}]}, "version": 303, "at": 1723668282.5123627}
{"obj": {"type": "LogFloats", "path": ["monitoring", "0ef888ef", "gpu_memory"], "values": [{"value": 5.872455596923828, "step": null, "ts": 1723668282.5063028}]}, "version": 304, "at": 1723668282.5133674}
{"obj": {"type": "LogFloats", "path": ["monitoring", "0ef888ef", "cpu"], "values": [{"value": 69.6, "step": null, "ts": 1723668292.517482}]}, "version": 305, "at": 1723668292.5234878}
{"obj": {"type": "LogFloats", "path": ["monitoring", "0ef888ef", "memory"], "values": [{"value": 18.768932342529297, "step": null, "ts": 1723668292.517482}]}, "version": 306, "at": 1723668292.5234878}
{"obj": {"type": "LogFloats", "path": ["monitoring", "0ef888ef", "gpu_memory"], "values": [{"value": 5.872455596923828, "step": null, "ts": 1723668292.517482}]}, "version": 307, "at": 1723668292.5234878}
{"obj": {"type": "LogFloats", "path": ["monitoring", "0ef888ef", "cpu"], "values": [{"value": 54.0, "step": null, "ts": 1723668302.5256803}]}, "version": 308, "at": 1723668302.5311956}
{"obj": {"type": "LogFloats", "path": ["monitoring", "0ef888ef", "memory"], "values": [{"value": 19.606826782226562, "step": null, "ts": 1723668302.5256803}]}, "version": 309, "at": 1723668302.5321963}
{"obj": {"type": "LogFloats", "path": ["monitoring", "0ef888ef", "gpu_memory"], "values": [{"value": 5.872455596923828, "step": null, "ts": 1723668302.5256803}]}, "version": 310, "at": 1723668302.5321963}
{"obj": {"type": "LogFloats", "path": ["monitoring", "0ef888ef", "cpu"], "values": [{"value": 33.3, "step": null, "ts": 1723668312.5468078}]}, "version": 311, "at": 1723668312.5557127}
{"obj": {"type": "LogFloats", "path": ["monitoring", "0ef888ef", "memory"], "values": [{"value": 19.28038787841797, "step": null, "ts": 1723668312.5468078}]}, "version": 312, "at": 1723668312.5557127}
{"obj": {"type": "LogFloats", "path": ["monitoring", "0ef888ef", "gpu_memory"], "values": [{"value": 5.872455596923828, "step": null, "ts": 1723668312.5468078}]}, "version": 313, "at": 1723668312.5557127}
{"obj": {"type": "LogFloats", "path": ["monitoring", "0ef888ef", "cpu"], "values": [{"value": 28.6, "step": null, "ts": 1723668322.7038496}]}, "version": 314, "at": 1723668322.801653}
{"obj": {"type": "LogFloats", "path": ["monitoring", "0ef888ef", "memory"], "values": [{"value": 19.714073181152344, "step": null, "ts": 1723668322.7038496}]}, "version": 315, "at": 1723668322.9885662}
{"obj": {"type": "LogFloats", "path": ["monitoring", "0ef888ef", "gpu_memory"], "values": [{"value": 5.872455596923828, "step": null, "ts": 1723668322.7038496}]}, "version": 316, "at": 1723668322.9958405}
{"obj": {"type": "LogFloats", "path": ["monitoring", "0ef888ef", "cpu"], "values": [{"value": 22.2, "step": null, "ts": 1723668333.0006847}]}, "version": 317, "at": 1723668333.007428}
{"obj": {"type": "LogFloats", "path": ["monitoring", "0ef888ef", "memory"], "values": [{"value": 19.65158462524414, "step": null, "ts": 1723668333.0006847}]}, "version": 318, "at": 1723668333.0084677}
{"obj": {"type": "LogFloats", "path": ["monitoring", "0ef888ef", "gpu_memory"], "values": [{"value": 5.872455596923828, "step": null, "ts": 1723668333.0006847}]}, "version": 319, "at": 1723668333.0084677}
{"obj": {"type": "LogFloats", "path": ["monitoring", "0ef888ef", "cpu"], "values": [{"value": 29.1, "step": null, "ts": 1723668343.025585}]}, "version": 320, "at": 1723668343.8560824}
{"obj": {"type": "LogFloats", "path": ["monitoring", "0ef888ef", "memory"], "values": [{"value": 19.685287475585938, "step": null, "ts": 1723668343.025585}]}, "version": 321, "at": 1723668344.0035164}
{"obj": {"type": "LogFloats", "path": ["monitoring", "0ef888ef", "gpu_memory"], "values": [{"value": 5.872455596923828, "step": null, "ts": 1723668343.025585}]}, "version": 322, "at": 1723668344.0035164}
{"obj": {"type": "LogFloats", "path": ["monitoring", "0ef888ef", "cpu"], "values": [{"value": 28.8, "step": null, "ts": 1723668354.0167866}]}, "version": 323, "at": 1723668354.407223}
{"obj": {"type": "LogFloats", "path": ["monitoring", "0ef888ef", "memory"], "values": [{"value": 19.671039581298828, "step": null, "ts": 1723668354.0167866}]}, "version": 324, "at": 1723668354.4746015}
{"obj": {"type": "LogFloats", "path": ["monitoring", "0ef888ef", "gpu_memory"], "values": [{"value": 5.872455596923828, "step": null, "ts": 1723668354.0167866}]}, "version": 325, "at": 1723668354.4746015}
{"obj": {"type": "LogFloats", "path": ["monitoring", "0ef888ef", "cpu"], "values": [{"value": 21.6, "step": null, "ts": 1723668364.4807005}]}, "version": 326, "at": 1723668364.4842021}
{"obj": {"type": "LogFloats", "path": ["monitoring", "0ef888ef", "memory"], "values": [{"value": 18.901939392089844, "step": null, "ts": 1723668364.4807005}]}, "version": 327, "at": 1723668364.4842021}
{"obj": {"type": "LogFloats", "path": ["monitoring", "0ef888ef", "gpu_memory"], "values": [{"value": 5.872455596923828, "step": null, "ts": 1723668364.4807005}]}, "version": 328, "at": 1723668364.4842021}
{"obj": {"type": "LogFloats", "path": ["monitoring", "0ef888ef", "cpu"], "values": [{"value": 15.1, "step": null, "ts": 1723668374.496977}]}, "version": 329, "at": 1723668374.505943}
{"obj": {"type": "LogFloats", "path": ["monitoring", "0ef888ef", "memory"], "values": [{"value": 18.88623046875, "step": null, "ts": 1723668374.496977}]}, "version": 330, "at": 1723668374.505943}
{"obj": {"type": "LogFloats", "path": ["monitoring", "0ef888ef", "gpu_memory"], "values": [{"value": 5.872455596923828, "step": null, "ts": 1723668374.496977}]}, "version": 331, "at": 1723668374.505943}
{"obj": {"type": "LogFloats", "path": ["monitoring", "0ef888ef", "cpu"], "values": [{"value": 15.6, "step": null, "ts": 1723668384.5244706}]}, "version": 332, "at": 1723668384.6304588}
{"obj": {"type": "LogFloats", "path": ["monitoring", "0ef888ef", "memory"], "values": [{"value": 19.636600494384766, "step": null, "ts": 1723668384.5244706}]}, "version": 333, "at": 1723668384.6314592}
{"obj": {"type": "LogFloats", "path": ["monitoring", "0ef888ef", "gpu_memory"], "values": [{"value": 5.872455596923828, "step": null, "ts": 1723668384.5244706}]}, "version": 334, "at": 1723668384.6314592}
{"obj": {"type": "LogFloats", "path": ["monitoring", "0ef888ef", "cpu"], "values": [{"value": 9.7, "step": null, "ts": 1723668395.3657403}]}, "version": 335, "at": 1723668395.4757955}
{"obj": {"type": "LogFloats", "path": ["monitoring", "0ef888ef", "memory"], "values": [{"value": 19.714107513427734, "step": null, "ts": 1723668395.3657403}]}, "version": 336, "at": 1723668395.501264}
{"obj": {"type": "LogFloats", "path": ["monitoring", "0ef888ef", "gpu_memory"], "values": [{"value": 5.872455596923828, "step": null, "ts": 1723668395.3657403}]}, "version": 337, "at": 1723668395.501264}
{"obj": {"type": "LogFloats", "path": ["monitoring", "0ef888ef", "cpu"], "values": [{"value": 6.9, "step": null, "ts": 1723668406.0010355}]}, "version": 338, "at": 1723668406.1408315}
{"obj": {"type": "LogFloats", "path": ["monitoring", "0ef888ef", "memory"], "values": [{"value": 19.714157104492188, "step": null, "ts": 1723668406.0010355}]}, "version": 339, "at": 1723668406.2270103}
{"obj": {"type": "LogFloats", "path": ["monitoring", "0ef888ef", "gpu_memory"], "values": [{"value": 5.872455596923828, "step": null, "ts": 1723668406.0010355}]}, "version": 340, "at": 1723668406.2280097}
{"obj": {"type": "LogFloats", "path": ["monitoring", "0ef888ef", "cpu"], "values": [{"value": 6.5, "step": null, "ts": 1723668416.256558}]}, "version": 341, "at": 1723668416.6211462}
{"obj": {"type": "LogFloats", "path": ["monitoring", "0ef888ef", "memory"], "values": [{"value": 19.593944549560547, "step": null, "ts": 1723668416.256558}]}, "version": 342, "at": 1723668416.7247667}
{"obj": {"type": "LogFloats", "path": ["monitoring", "0ef888ef", "gpu_memory"], "values": [{"value": 5.872455596923828, "step": null, "ts": 1723668416.256558}]}, "version": 343, "at": 1723668416.7247667}
{"obj": {"type": "LogFloats", "path": ["monitoring", "0ef888ef", "cpu"], "values": [{"value": 6.0, "step": null, "ts": 1723668426.7921133}]}, "version": 344, "at": 1723668426.8355756}
{"obj": {"type": "LogFloats", "path": ["monitoring", "0ef888ef", "memory"], "values": [{"value": 19.714107513427734, "step": null, "ts": 1723668426.7921133}]}, "version": 345, "at": 1723668426.8450673}
{"obj": {"type": "LogFloats", "path": ["monitoring", "0ef888ef", "gpu_memory"], "values": [{"value": 5.872455596923828, "step": null, "ts": 1723668426.7921133}]}, "version": 346, "at": 1723668426.8450673}
